{"/home/aliahmad/2025-csc1049-ahmada5-noted/code/frontend/src/components/Header.jsx": {"path":"/home/aliahmad/2025-csc1049-ahmada5-noted/code/frontend/src/components/Header.jsx","all":false,"statementMap":{"0":{"start":{"line":1,"column":0},"end":{"line":1,"column":60}},"1":{"start":{"line":2,"column":0},"end":{"line":2,"column":65}},"2":{"start":{"line":3,"column":0},"end":{"line":3,"column":90}},"3":{"start":{"line":4,"column":0},"end":{"line":4,"column":54}},"4":{"start":{"line":5,"column":0},"end":{"line":5,"column":57}},"5":{"start":{"line":6,"column":0},"end":{"line":6,"column":59}},"6":{"start":{"line":7,"column":0},"end":{"line":7,"column":59}},"7":{"start":{"line":8,"column":0},"end":{"line":8,"column":41}},"8":{"start":{"line":9,"column":0},"end":{"line":9,"column":32}},"9":{"start":{"line":10,"column":0},"end":{"line":10,"column":63}},"11":{"start":{"line":12,"column":0},"end":{"line":12,"column":22}},"12":{"start":{"line":13,"column":0},"end":{"line":13,"column":32}},"13":{"start":{"line":14,"column":0},"end":{"line":14,"column":32}},"14":{"start":{"line":15,"column":0},"end":{"line":15,"column":32}},"15":{"start":{"line":16,"column":0},"end":{"line":16,"column":49}},"16":{"start":{"line":17,"column":0},"end":{"line":17,"column":52}},"17":{"start":{"line":18,"column":0},"end":{"line":18,"column":60}},"18":{"start":{"line":19,"column":0},"end":{"line":19,"column":64}},"19":{"start":{"line":20,"column":0},"end":{"line":20,"column":60}},"20":{"start":{"line":21,"column":0},"end":{"line":21,"column":32}},"21":{"start":{"line":22,"column":0},"end":{"line":22,"column":63}},"22":{"start":{"line":23,"column":0},"end":{"line":23,"column":69}},"24":{"start":{"line":25,"column":0},"end":{"line":25,"column":29}},"25":{"start":{"line":26,"column":0},"end":{"line":26,"column":24}},"26":{"start":{"line":27,"column":0},"end":{"line":27,"column":3}},"28":{"start":{"line":29,"column":0},"end":{"line":29,"column":36}},"29":{"start":{"line":30,"column":0},"end":{"line":30,"column":31}},"30":{"start":{"line":31,"column":0},"end":{"line":31,"column":3}},"32":{"start":{"line":33,"column":0},"end":{"line":33,"column":31}},"33":{"start":{"line":34,"column":0},"end":{"line":34,"column":27}},"34":{"start":{"line":35,"column":0},"end":{"line":35,"column":3}},"36":{"start":{"line":37,"column":0},"end":{"line":37,"column":10}},"37":{"start":{"line":38,"column":0},"end":{"line":38,"column":6}},"38":{"start":{"line":39,"column":0},"end":{"line":39,"column":61}},"39":{"start":{"line":40,"column":0},"end":{"line":40,"column":49}},"40":{"start":{"line":41,"column":0},"end":{"line":41,"column":35}},"41":{"start":{"line":42,"column":0},"end":{"line":42,"column":116}},"42":{"start":{"line":43,"column":0},"end":{"line":43,"column":121}},"44":{"start":{"line":45,"column":0},"end":{"line":45,"column":21}},"45":{"start":{"line":46,"column":0},"end":{"line":46,"column":19}},"46":{"start":{"line":47,"column":0},"end":{"line":47,"column":25}},"48":{"start":{"line":49,"column":0},"end":{"line":49,"column":26}},"49":{"start":{"line":50,"column":0},"end":{"line":50,"column":25}},"50":{"start":{"line":51,"column":0},"end":{"line":51,"column":21}},"51":{"start":{"line":52,"column":0},"end":{"line":52,"column":28}},"52":{"start":{"line":53,"column":0},"end":{"line":53,"column":25}},"53":{"start":{"line":54,"column":0},"end":{"line":54,"column":40}},"54":{"start":{"line":55,"column":0},"end":{"line":55,"column":54}},"55":{"start":{"line":56,"column":0},"end":{"line":56,"column":82}},"56":{"start":{"line":57,"column":0},"end":{"line":57,"column":33}},"58":{"start":{"line":59,"column":0},"end":{"line":59,"column":25}},"59":{"start":{"line":60,"column":0},"end":{"line":60,"column":23}},"60":{"start":{"line":61,"column":0},"end":{"line":61,"column":21}},"61":{"start":{"line":62,"column":0},"end":{"line":62,"column":28}},"62":{"start":{"line":63,"column":0},"end":{"line":63,"column":25}},"63":{"start":{"line":64,"column":0},"end":{"line":64,"column":40}},"64":{"start":{"line":65,"column":0},"end":{"line":65,"column":55}},"65":{"start":{"line":66,"column":0},"end":{"line":66,"column":83}},"66":{"start":{"line":67,"column":0},"end":{"line":67,"column":34}},"68":{"start":{"line":69,"column":0},"end":{"line":69,"column":29}},"69":{"start":{"line":70,"column":0},"end":{"line":70,"column":23}},"70":{"start":{"line":71,"column":0},"end":{"line":71,"column":21}},"71":{"start":{"line":72,"column":0},"end":{"line":72,"column":28}},"72":{"start":{"line":73,"column":0},"end":{"line":73,"column":25}},"73":{"start":{"line":74,"column":0},"end":{"line":74,"column":40}},"74":{"start":{"line":75,"column":0},"end":{"line":75,"column":57}},"75":{"start":{"line":76,"column":0},"end":{"line":76,"column":85}},"76":{"start":{"line":77,"column":0},"end":{"line":77,"column":36}},"78":{"start":{"line":79,"column":0},"end":{"line":79,"column":25}},"79":{"start":{"line":80,"column":0},"end":{"line":80,"column":23}},"80":{"start":{"line":81,"column":0},"end":{"line":81,"column":26}},"82":{"start":{"line":83,"column":0},"end":{"line":83,"column":14}},"84":{"start":{"line":85,"column":0},"end":{"line":85,"column":25}},"85":{"start":{"line":86,"column":0},"end":{"line":86,"column":62}},"87":{"start":{"line":88,"column":0},"end":{"line":88,"column":24}},"88":{"start":{"line":89,"column":0},"end":{"line":89,"column":72}},"90":{"start":{"line":91,"column":0},"end":{"line":91,"column":24}},"91":{"start":{"line":92,"column":0},"end":{"line":92,"column":26}},"93":{"start":{"line":94,"column":0},"end":{"line":94,"column":49}},"94":{"start":{"line":95,"column":0},"end":{"line":95,"column":40}},"95":{"start":{"line":96,"column":0},"end":{"line":96,"column":19}},"96":{"start":{"line":97,"column":0},"end":{"line":97,"column":36}},"97":{"start":{"line":98,"column":0},"end":{"line":98,"column":26}},"98":{"start":{"line":99,"column":0},"end":{"line":99,"column":23}},"99":{"start":{"line":100,"column":0},"end":{"line":100,"column":18}},"100":{"start":{"line":101,"column":0},"end":{"line":101,"column":38}},"101":{"start":{"line":102,"column":0},"end":{"line":102,"column":57}},"103":{"start":{"line":104,"column":0},"end":{"line":104,"column":49}},"105":{"start":{"line":106,"column":0},"end":{"line":106,"column":21}},"108":{"start":{"line":109,"column":0},"end":{"line":109,"column":17}},"109":{"start":{"line":110,"column":0},"end":{"line":110,"column":36}},"110":{"start":{"line":111,"column":0},"end":{"line":111,"column":24}},"111":{"start":{"line":112,"column":0},"end":{"line":112,"column":21}},"112":{"start":{"line":113,"column":0},"end":{"line":113,"column":16}},"113":{"start":{"line":114,"column":0},"end":{"line":114,"column":28}},"114":{"start":{"line":115,"column":0},"end":{"line":115,"column":67}},"115":{"start":{"line":116,"column":0},"end":{"line":116,"column":14}},"117":{"start":{"line":118,"column":0},"end":{"line":118,"column":44}},"119":{"start":{"line":120,"column":0},"end":{"line":120,"column":19}},"121":{"start":{"line":122,"column":0},"end":{"line":122,"column":17}},"122":{"start":{"line":123,"column":0},"end":{"line":123,"column":46}},"123":{"start":{"line":124,"column":0},"end":{"line":124,"column":24}},"124":{"start":{"line":125,"column":0},"end":{"line":125,"column":16}},"125":{"start":{"line":126,"column":0},"end":{"line":126,"column":33}},"126":{"start":{"line":127,"column":0},"end":{"line":127,"column":37}},"128":{"start":{"line":129,"column":0},"end":{"line":129,"column":135}},"129":{"start":{"line":130,"column":0},"end":{"line":130,"column":19}},"131":{"start":{"line":132,"column":0},"end":{"line":132,"column":19}},"132":{"start":{"line":133,"column":0},"end":{"line":133,"column":19}},"133":{"start":{"line":134,"column":0},"end":{"line":134,"column":106}},"134":{"start":{"line":135,"column":0},"end":{"line":135,"column":21}},"135":{"start":{"line":136,"column":0},"end":{"line":136,"column":37}},"136":{"start":{"line":137,"column":0},"end":{"line":137,"column":13}},"138":{"start":{"line":139,"column":0},"end":{"line":139,"column":21}},"140":{"start":{"line":141,"column":0},"end":{"line":141,"column":31}},"141":{"start":{"line":142,"column":0},"end":{"line":142,"column":123}},"143":{"start":{"line":144,"column":0},"end":{"line":144,"column":23}},"144":{"start":{"line":145,"column":0},"end":{"line":145,"column":19}},"146":{"start":{"line":147,"column":0},"end":{"line":147,"column":14}},"147":{"start":{"line":148,"column":0},"end":{"line":148,"column":15}},"149":{"start":{"line":150,"column":0},"end":{"line":150,"column":16}},"150":{"start":{"line":151,"column":0},"end":{"line":151,"column":30}},"151":{"start":{"line":152,"column":0},"end":{"line":152,"column":49}},"152":{"start":{"line":153,"column":0},"end":{"line":153,"column":8}},"154":{"start":{"line":155,"column":0},"end":{"line":155,"column":44}},"155":{"start":{"line":156,"column":0},"end":{"line":156,"column":28}},"156":{"start":{"line":157,"column":0},"end":{"line":157,"column":27}},"157":{"start":{"line":158,"column":0},"end":{"line":158,"column":35}},"158":{"start":{"line":159,"column":0},"end":{"line":159,"column":54}},"159":{"start":{"line":160,"column":0},"end":{"line":160,"column":10}},"161":{"start":{"line":162,"column":0},"end":{"line":162,"column":7}},"163":{"start":{"line":164,"column":0},"end":{"line":164,"column":1}},"165":{"start":{"line":166,"column":0},"end":{"line":166,"column":21}}},"s":{"0":1,"1":1,"2":1,"3":1,"4":1,"5":1,"6":1,"7":1,"8":1,"9":1,"11":1,"12":15,"13":15,"14":15,"15":15,"16":15,"17":15,"18":15,"19":15,"20":15,"21":15,"22":15,"24":15,"25":1,"26":1,"28":15,"29":1,"30":1,"32":15,"33":1,"34":1,"36":15,"37":15,"38":15,"39":15,"40":15,"41":15,"42":15,"44":15,"45":15,"46":15,"48":15,"49":6,"50":6,"51":6,"52":6,"53":6,"54":6,"55":6,"56":6,"58":6,"59":6,"60":6,"61":6,"62":6,"63":6,"64":6,"65":6,"66":6,"68":6,"69":6,"70":6,"71":6,"72":6,"73":6,"74":6,"75":6,"76":6,"78":6,"79":6,"80":6,"82":15,"84":15,"85":15,"87":15,"88":15,"90":15,"91":15,"93":15,"94":15,"95":3,"96":3,"97":3,"98":3,"99":3,"100":3,"101":3,"103":3,"105":3,"108":15,"109":15,"110":15,"111":15,"112":15,"113":15,"114":2,"115":2,"117":15,"119":15,"121":15,"122":15,"123":15,"124":15,"125":15,"126":15,"128":15,"129":15,"131":15,"132":3,"133":3,"134":3,"135":3,"136":3,"138":3,"140":12,"141":12,"143":12,"144":12,"146":15,"147":15,"149":15,"150":15,"151":15,"152":15,"154":15,"155":1,"156":1,"157":1,"158":1,"159":1,"161":15,"163":15,"165":1},"branchMap":{"0":{"type":"branch","line":12,"loc":{"start":{"line":12,"column":15},"end":{"line":164,"column":1}},"locations":[{"start":{"line":12,"column":15},"end":{"line":164,"column":1}}]},"1":{"type":"branch","line":49,"loc":{"start":{"line":49,"column":11},"end":{"line":81,"column":26}},"locations":[{"start":{"line":49,"column":11},"end":{"line":81,"column":26}}]},"2":{"type":"branch","line":56,"loc":{"start":{"line":56,"column":46},"end":{"line":56,"column":72}},"locations":[{"start":{"line":56,"column":46},"end":{"line":56,"column":72}}]},"3":{"type":"branch","line":56,"loc":{"start":{"line":56,"column":55},"end":{"line":56,"column":82}},"locations":[{"start":{"line":56,"column":55},"end":{"line":56,"column":82}}]},"4":{"type":"branch","line":66,"loc":{"start":{"line":66,"column":46},"end":{"line":66,"column":73}},"locations":[{"start":{"line":66,"column":46},"end":{"line":66,"column":73}}]},"5":{"type":"branch","line":66,"loc":{"start":{"line":66,"column":56},"end":{"line":66,"column":83}},"locations":[{"start":{"line":66,"column":56},"end":{"line":66,"column":83}}]},"6":{"type":"branch","line":76,"loc":{"start":{"line":76,"column":46},"end":{"line":76,"column":75}},"locations":[{"start":{"line":76,"column":46},"end":{"line":76,"column":75}}]},"7":{"type":"branch","line":95,"loc":{"start":{"line":95,"column":11},"end":{"line":95,"column":40}},"locations":[{"start":{"line":95,"column":11},"end":{"line":95,"column":40}}]},"8":{"type":"branch","line":95,"loc":{"start":{"line":95,"column":25},"end":{"line":106,"column":21}},"locations":[{"start":{"line":95,"column":25},"end":{"line":106,"column":21}}]},"9":{"type":"branch","line":129,"loc":{"start":{"line":129,"column":23},"end":{"line":129,"column":86}},"locations":[{"start":{"line":129,"column":23},"end":{"line":129,"column":86}}]},"10":{"type":"branch","line":129,"loc":{"start":{"line":129,"column":81},"end":{"line":129,"column":135}},"locations":[{"start":{"line":129,"column":81},"end":{"line":129,"column":135}}]},"11":{"type":"branch","line":132,"loc":{"start":{"line":132,"column":11},"end":{"line":139,"column":21}},"locations":[{"start":{"line":132,"column":11},"end":{"line":139,"column":21}}]},"12":{"type":"branch","line":139,"loc":{"start":{"line":139,"column":12},"end":{"line":145,"column":19}},"locations":[{"start":{"line":139,"column":12},"end":{"line":145,"column":19}}]},"13":{"type":"branch","line":155,"loc":{"start":{"line":155,"column":7},"end":{"line":155,"column":44}},"locations":[{"start":{"line":155,"column":7},"end":{"line":155,"column":44}}]},"14":{"type":"branch","line":155,"loc":{"start":{"line":155,"column":29},"end":{"line":160,"column":10}},"locations":[{"start":{"line":155,"column":29},"end":{"line":160,"column":10}}]},"15":{"type":"branch","line":16,"loc":{"start":{"line":16,"column":28},"end":{"line":16,"column":48}},"locations":[{"start":{"line":16,"column":28},"end":{"line":16,"column":48}}]},"16":{"type":"branch","line":17,"loc":{"start":{"line":17,"column":27},"end":{"line":17,"column":51}},"locations":[{"start":{"line":17,"column":27},"end":{"line":17,"column":51}}]},"17":{"type":"branch","line":18,"loc":{"start":{"line":18,"column":31},"end":{"line":18,"column":59}},"locations":[{"start":{"line":18,"column":31},"end":{"line":18,"column":59}}]},"18":{"type":"branch","line":19,"loc":{"start":{"line":19,"column":33},"end":{"line":19,"column":63}},"locations":[{"start":{"line":19,"column":33},"end":{"line":19,"column":63}}]},"19":{"type":"branch","line":25,"loc":{"start":{"line":25,"column":22},"end":{"line":27,"column":3}},"locations":[{"start":{"line":25,"column":22},"end":{"line":27,"column":3}}]},"20":{"type":"branch","line":29,"loc":{"start":{"line":29,"column":25},"end":{"line":31,"column":3}},"locations":[{"start":{"line":29,"column":25},"end":{"line":31,"column":3}}]},"21":{"type":"branch","line":33,"loc":{"start":{"line":33,"column":24},"end":{"line":35,"column":3}},"locations":[{"start":{"line":33,"column":24},"end":{"line":35,"column":3}}]},"22":{"type":"branch","line":65,"loc":{"start":{"line":65,"column":25},"end":{"line":65,"column":55}},"locations":[{"start":{"line":65,"column":25},"end":{"line":65,"column":55}}]},"23":{"type":"branch","line":102,"loc":{"start":{"line":102,"column":23},"end":{"line":102,"column":57}},"locations":[{"start":{"line":102,"column":23},"end":{"line":102,"column":57}}]},"24":{"type":"branch","line":114,"loc":{"start":{"line":114,"column":21},"end":{"line":116,"column":14}},"locations":[{"start":{"line":114,"column":21},"end":{"line":116,"column":14}}]},"25":{"type":"branch","line":115,"loc":{"start":{"line":115,"column":14},"end":{"line":115,"column":48}},"locations":[{"start":{"line":115,"column":14},"end":{"line":115,"column":48}}]},"26":{"type":"branch","line":115,"loc":{"start":{"line":115,"column":44},"end":{"line":115,"column":67}},"locations":[{"start":{"line":115,"column":44},"end":{"line":115,"column":67}}]}},"b":{"0":[15],"1":[6],"2":[5],"3":[1],"4":[1],"5":[5],"6":[0],"7":[6],"8":[3],"9":[14],"10":[1],"11":[3],"12":[12],"13":[1],"14":[1],"15":[29],"16":[29],"17":[29],"18":[29],"19":[1],"20":[1],"21":[1],"22":[1],"23":[1],"24":[2],"25":[1],"26":[1]},"fnMap":{"0":{"name":"Header","decl":{"start":{"line":12,"column":15},"end":{"line":164,"column":1}},"loc":{"start":{"line":12,"column":15},"end":{"line":164,"column":1}},"line":12},"1":{"name":"changeTheme","decl":{"start":{"line":25,"column":22},"end":{"line":27,"column":3}},"loc":{"start":{"line":25,"column":22},"end":{"line":27,"column":3}},"line":25},"2":{"name":"changeViewMode","decl":{"start":{"line":29,"column":25},"end":{"line":31,"column":3}},"loc":{"start":{"line":29,"column":25},"end":{"line":31,"column":3}},"line":29},"3":{"name":"handleSignOut","decl":{"start":{"line":33,"column":24},"end":{"line":35,"column":3}},"loc":{"start":{"line":33,"column":24},"end":{"line":35,"column":3}},"line":33},"4":{"name":"onClick","decl":{"start":{"line":55,"column":25},"end":{"line":55,"column":54}},"loc":{"start":{"line":55,"column":25},"end":{"line":55,"column":54}},"line":55},"5":{"name":"onClick","decl":{"start":{"line":65,"column":25},"end":{"line":65,"column":55}},"loc":{"start":{"line":65,"column":25},"end":{"line":65,"column":55}},"line":65},"6":{"name":"onClick","decl":{"start":{"line":75,"column":25},"end":{"line":75,"column":57}},"loc":{"start":{"line":75,"column":25},"end":{"line":75,"column":57}},"line":75},"7":{"name":"onClick","decl":{"start":{"line":102,"column":23},"end":{"line":102,"column":57}},"loc":{"start":{"line":102,"column":23},"end":{"line":102,"column":57}},"line":102},"8":{"name":"onClick","decl":{"start":{"line":114,"column":21},"end":{"line":116,"column":14}},"loc":{"start":{"line":114,"column":21},"end":{"line":116,"column":14}},"line":114},"9":{"name":"onClose","decl":{"start":{"line":152,"column":17},"end":{"line":152,"column":49}},"loc":{"start":{"line":152,"column":17},"end":{"line":152,"column":49}},"line":152},"10":{"name":"onClose","decl":{"start":{"line":159,"column":19},"end":{"line":159,"column":54}},"loc":{"start":{"line":159,"column":19},"end":{"line":159,"column":54}},"line":159}},"f":{"0":15,"1":1,"2":1,"3":1,"4":0,"5":1,"6":0,"7":1,"8":2,"9":0,"10":0}}
,"/home/aliahmad/2025-csc1049-ahmada5-noted/code/frontend/src/components/Notification.jsx": {"path":"/home/aliahmad/2025-csc1049-ahmada5-noted/code/frontend/src/components/Notification.jsx","all":false,"statementMap":{"0":{"start":{"line":1,"column":0},"end":{"line":1,"column":41}},"1":{"start":{"line":2,"column":0},"end":{"line":2,"column":38}},"3":{"start":{"line":4,"column":0},"end":{"line":4,"column":28}},"4":{"start":{"line":5,"column":0},"end":{"line":5,"column":63}},"6":{"start":{"line":7,"column":0},"end":{"line":7,"column":55}},"7":{"start":{"line":8,"column":0},"end":{"line":8,"column":15}},"8":{"start":{"line":9,"column":0},"end":{"line":9,"column":3}},"10":{"start":{"line":11,"column":0},"end":{"line":11,"column":10}},"11":{"start":{"line":12,"column":0},"end":{"line":12,"column":61}},"13":{"start":{"line":14,"column":0},"end":{"line":14,"column":28}},"14":{"start":{"line":15,"column":0},"end":{"line":15,"column":12}},"16":{"start":{"line":17,"column":0},"end":{"line":17,"column":1}},"18":{"start":{"line":19,"column":0},"end":{"line":19,"column":27}}},"s":{"0":1,"1":1,"3":1,"4":284,"6":284,"7":0,"8":0,"10":284,"11":284,"13":284,"14":284,"16":284,"18":1},"branchMap":{"0":{"type":"branch","line":4,"loc":{"start":{"line":4,"column":21},"end":{"line":17,"column":1}},"locations":[{"start":{"line":4,"column":21},"end":{"line":17,"column":1}}]},"1":{"type":"branch","line":7,"loc":{"start":{"line":7,"column":54},"end":{"line":9,"column":3}},"locations":[{"start":{"line":7,"column":54},"end":{"line":9,"column":3}}]},"2":{"type":"branch","line":5,"loc":{"start":{"line":5,"column":35},"end":{"line":5,"column":62}},"locations":[{"start":{"line":5,"column":35},"end":{"line":5,"column":62}}]}},"b":{"0":[284],"1":[0],"2":[333]},"fnMap":{"0":{"name":"Notification","decl":{"start":{"line":4,"column":21},"end":{"line":17,"column":1}},"loc":{"start":{"line":4,"column":21},"end":{"line":17,"column":1}},"line":4}},"f":{"0":284}}
,"/home/aliahmad/2025-csc1049-ahmada5-noted/code/frontend/src/components/OAuth.jsx": {"path":"/home/aliahmad/2025-csc1049-ahmada5-noted/code/frontend/src/components/OAuth.jsx","all":false,"statementMap":{"0":{"start":{"line":1,"column":0},"end":{"line":1,"column":39}},"1":{"start":{"line":2,"column":0},"end":{"line":2,"column":51}},"2":{"start":{"line":3,"column":0},"end":{"line":3,"column":41}},"3":{"start":{"line":4,"column":0},"end":{"line":4,"column":41}},"4":{"start":{"line":5,"column":0},"end":{"line":5,"column":46}},"5":{"start":{"line":6,"column":0},"end":{"line":6,"column":43}},"6":{"start":{"line":7,"column":0},"end":{"line":7,"column":72}},"8":{"start":{"line":9,"column":0},"end":{"line":9,"column":21}},"9":{"start":{"line":10,"column":0},"end":{"line":10,"column":32}},"10":{"start":{"line":11,"column":0},"end":{"line":11,"column":32}},"11":{"start":{"line":12,"column":0},"end":{"line":12,"column":40}},"12":{"start":{"line":13,"column":0},"end":{"line":13,"column":48}},"14":{"start":{"line":15,"column":0},"end":{"line":15,"column":19}},"15":{"start":{"line":16,"column":0},"end":{"line":16,"column":61}},"16":{"start":{"line":17,"column":0},"end":{"line":17,"column":41}},"17":{"start":{"line":18,"column":0},"end":{"line":18,"column":49}},"18":{"start":{"line":19,"column":0},"end":{"line":19,"column":37}},"19":{"start":{"line":20,"column":0},"end":{"line":20,"column":19}},"20":{"start":{"line":21,"column":0},"end":{"line":21,"column":27}},"21":{"start":{"line":22,"column":0},"end":{"line":22,"column":5}},"23":{"start":{"line":24,"column":0},"end":{"line":24,"column":16}},"25":{"start":{"line":26,"column":0},"end":{"line":26,"column":34}},"26":{"start":{"line":27,"column":0},"end":{"line":27,"column":41}},"27":{"start":{"line":28,"column":0},"end":{"line":28,"column":3}},"29":{"start":{"line":30,"column":0},"end":{"line":30,"column":34}},"30":{"start":{"line":31,"column":0},"end":{"line":31,"column":41}},"31":{"start":{"line":32,"column":0},"end":{"line":32,"column":3}},"33":{"start":{"line":34,"column":0},"end":{"line":34,"column":10}},"34":{"start":{"line":35,"column":0},"end":{"line":35,"column":41}},"35":{"start":{"line":36,"column":0},"end":{"line":36,"column":13}},"36":{"start":{"line":37,"column":0},"end":{"line":37,"column":15}},"37":{"start":{"line":38,"column":0},"end":{"line":38,"column":44}},"38":{"start":{"line":39,"column":0},"end":{"line":39,"column":34}},"40":{"start":{"line":41,"column":0},"end":{"line":41,"column":55}},"42":{"start":{"line":43,"column":0},"end":{"line":43,"column":15}},"44":{"start":{"line":45,"column":0},"end":{"line":45,"column":13}},"45":{"start":{"line":46,"column":0},"end":{"line":46,"column":15}},"46":{"start":{"line":47,"column":0},"end":{"line":47,"column":72}},"47":{"start":{"line":48,"column":0},"end":{"line":48,"column":34}},"49":{"start":{"line":50,"column":0},"end":{"line":50,"column":45}},"51":{"start":{"line":52,"column":0},"end":{"line":52,"column":15}},"52":{"start":{"line":53,"column":0},"end":{"line":53,"column":10}},"55":{"start":{"line":56,"column":0},"end":{"line":56,"column":1}},"57":{"start":{"line":58,"column":0},"end":{"line":58,"column":20}}},"s":{"0":1,"1":1,"2":1,"3":1,"4":1,"5":1,"6":1,"8":1,"9":257,"10":257,"11":257,"12":257,"14":257,"15":24,"16":24,"17":24,"18":24,"19":7,"20":7,"21":7,"23":257,"25":257,"26":2,"27":2,"29":257,"30":2,"31":2,"33":257,"34":257,"35":257,"36":257,"37":257,"38":257,"40":257,"42":257,"44":257,"45":257,"46":257,"47":257,"49":257,"51":257,"52":257,"55":257,"57":1},"branchMap":{"0":{"type":"branch","line":9,"loc":{"start":{"line":9,"column":14},"end":{"line":56,"column":1}},"locations":[{"start":{"line":9,"column":14},"end":{"line":56,"column":1}}]},"1":{"type":"branch","line":15,"loc":{"start":{"line":15,"column":12},"end":{"line":24,"column":5}},"locations":[{"start":{"line":15,"column":12},"end":{"line":24,"column":5}}]},"2":{"type":"branch","line":19,"loc":{"start":{"line":19,"column":17},"end":{"line":19,"column":36}},"locations":[{"start":{"line":19,"column":17},"end":{"line":19,"column":36}}]},"3":{"type":"branch","line":19,"loc":{"start":{"line":19,"column":36},"end":{"line":22,"column":5}},"locations":[{"start":{"line":19,"column":36},"end":{"line":22,"column":5}}]},"4":{"type":"branch","line":26,"loc":{"start":{"line":26,"column":27},"end":{"line":28,"column":3}},"locations":[{"start":{"line":26,"column":27},"end":{"line":28,"column":3}}]},"5":{"type":"branch","line":30,"loc":{"start":{"line":30,"column":27},"end":{"line":32,"column":3}},"locations":[{"start":{"line":30,"column":27},"end":{"line":32,"column":3}}]}},"b":{"0":[257],"1":[24],"2":[7],"3":[7],"4":[2],"5":[2]},"fnMap":{"0":{"name":"OAuth","decl":{"start":{"line":9,"column":14},"end":{"line":56,"column":1}},"loc":{"start":{"line":9,"column":14},"end":{"line":56,"column":1}},"line":9},"1":{"name":"handleGoogleAuth","decl":{"start":{"line":26,"column":27},"end":{"line":28,"column":3}},"loc":{"start":{"line":26,"column":27},"end":{"line":28,"column":3}},"line":26},"2":{"name":"handleGitHubAuth","decl":{"start":{"line":30,"column":27},"end":{"line":32,"column":3}},"loc":{"start":{"line":30,"column":27},"end":{"line":32,"column":3}},"line":30}},"f":{"0":257,"1":2,"2":2}}
,"/home/aliahmad/2025-csc1049-ahmada5-noted/code/frontend/src/components/ThemeProvider.jsx": {"path":"/home/aliahmad/2025-csc1049-ahmada5-noted/code/frontend/src/components/ThemeProvider.jsx","all":false,"statementMap":{"0":{"start":{"line":1,"column":0},"end":{"line":1,"column":41}},"1":{"start":{"line":2,"column":0},"end":{"line":2,"column":34}},"4":{"start":{"line":5,"column":0},"end":{"line":5,"column":41}},"5":{"start":{"line":6,"column":0},"end":{"line":6,"column":51}},"7":{"start":{"line":8,"column":0},"end":{"line":8,"column":10}},"8":{"start":{"line":9,"column":0},"end":{"line":9,"column":27}},"9":{"start":{"line":10,"column":0},"end":{"line":10,"column":110}},"11":{"start":{"line":12,"column":0},"end":{"line":12,"column":18}},"12":{"start":{"line":13,"column":0},"end":{"line":13,"column":12}},"13":{"start":{"line":14,"column":0},"end":{"line":14,"column":10}},"15":{"start":{"line":16,"column":0},"end":{"line":16,"column":1}},"17":{"start":{"line":18,"column":0},"end":{"line":18,"column":27}},"18":{"start":{"line":19,"column":0},"end":{"line":19,"column":37}},"19":{"start":{"line":20,"column":0},"end":{"line":20,"column":1}},"21":{"start":{"line":22,"column":0},"end":{"line":22,"column":28}}},"s":{"0":1,"1":1,"4":1,"5":93,"7":93,"8":93,"9":93,"11":93,"12":93,"13":93,"15":93,"17":1,"18":1,"19":1,"21":1},"branchMap":{"0":{"type":"branch","line":5,"loc":{"start":{"line":5,"column":22},"end":{"line":16,"column":1}},"locations":[{"start":{"line":5,"column":22},"end":{"line":16,"column":1}}]},"1":{"type":"branch","line":6,"loc":{"start":{"line":6,"column":28},"end":{"line":6,"column":50}},"locations":[{"start":{"line":6,"column":28},"end":{"line":6,"column":50}}]}},"b":{"0":[93],"1":[207]},"fnMap":{"0":{"name":"ThemeProvider","decl":{"start":{"line":5,"column":22},"end":{"line":16,"column":1}},"loc":{"start":{"line":5,"column":22},"end":{"line":16,"column":1}},"line":5}},"f":{"0":93}}
,"/home/aliahmad/2025-csc1049-ahmada5-noted/code/frontend/src/components/Editor/EditorStatusBar.jsx": {"path":"/home/aliahmad/2025-csc1049-ahmada5-noted/code/frontend/src/components/Editor/EditorStatusBar.jsx","all":false,"statementMap":{"0":{"start":{"line":1,"column":0},"end":{"line":1,"column":34}},"1":{"start":{"line":2,"column":0},"end":{"line":2,"column":43}},"2":{"start":{"line":3,"column":0},"end":{"line":3,"column":49}},"5":{"start":{"line":6,"column":0},"end":{"line":6,"column":24}},"6":{"start":{"line":7,"column":0},"end":{"line":7,"column":3}},"7":{"start":{"line":8,"column":0},"end":{"line":8,"column":17}},"8":{"start":{"line":9,"column":0},"end":{"line":9,"column":19}},"9":{"start":{"line":10,"column":0},"end":{"line":10,"column":54}},"10":{"start":{"line":11,"column":0},"end":{"line":11,"column":19}},"11":{"start":{"line":12,"column":0},"end":{"line":12,"column":18}},"12":{"start":{"line":13,"column":0},"end":{"line":13,"column":7}},"13":{"start":{"line":14,"column":0},"end":{"line":14,"column":4}},"14":{"start":{"line":15,"column":0},"end":{"line":15,"column":3}},"15":{"start":{"line":16,"column":0},"end":{"line":16,"column":22}},"16":{"start":{"line":17,"column":0},"end":{"line":17,"column":18}},"17":{"start":{"line":18,"column":0},"end":{"line":18,"column":39}},"18":{"start":{"line":19,"column":0},"end":{"line":19,"column":18}},"19":{"start":{"line":20,"column":0},"end":{"line":20,"column":17}},"20":{"start":{"line":21,"column":0},"end":{"line":21,"column":7}},"21":{"start":{"line":22,"column":0},"end":{"line":22,"column":4}},"22":{"start":{"line":23,"column":0},"end":{"line":23,"column":3}},"23":{"start":{"line":24,"column":0},"end":{"line":24,"column":20}},"24":{"start":{"line":25,"column":0},"end":{"line":25,"column":18}},"25":{"start":{"line":26,"column":0},"end":{"line":26,"column":52}},"26":{"start":{"line":27,"column":0},"end":{"line":27,"column":28}},"27":{"start":{"line":28,"column":0},"end":{"line":28,"column":27}},"28":{"start":{"line":29,"column":0},"end":{"line":29,"column":7}},"29":{"start":{"line":30,"column":0},"end":{"line":30,"column":4}},"30":{"start":{"line":31,"column":0},"end":{"line":31,"column":3}},"31":{"start":{"line":32,"column":0},"end":{"line":32,"column":19}},"32":{"start":{"line":33,"column":0},"end":{"line":33,"column":21}},"33":{"start":{"line":34,"column":0},"end":{"line":34,"column":14}},"34":{"start":{"line":35,"column":0},"end":{"line":35,"column":45}},"35":{"start":{"line":36,"column":0},"end":{"line":36,"column":37}},"36":{"start":{"line":37,"column":0},"end":{"line":37,"column":41}},"37":{"start":{"line":38,"column":0},"end":{"line":38,"column":42}},"38":{"start":{"line":39,"column":0},"end":{"line":39,"column":5}},"39":{"start":{"line":40,"column":0},"end":{"line":40,"column":4}},"40":{"start":{"line":41,"column":0},"end":{"line":41,"column":3}},"41":{"start":{"line":42,"column":0},"end":{"line":42,"column":22}},"42":{"start":{"line":43,"column":0},"end":{"line":43,"column":22}},"43":{"start":{"line":44,"column":0},"end":{"line":44,"column":14}},"44":{"start":{"line":45,"column":0},"end":{"line":45,"column":33}},"45":{"start":{"line":46,"column":0},"end":{"line":46,"column":33}},"46":{"start":{"line":47,"column":0},"end":{"line":47,"column":32}},"47":{"start":{"line":48,"column":0},"end":{"line":48,"column":5}},"48":{"start":{"line":49,"column":0},"end":{"line":49,"column":4}},"49":{"start":{"line":50,"column":0},"end":{"line":50,"column":3}},"50":{"start":{"line":51,"column":0},"end":{"line":51,"column":18}},"51":{"start":{"line":52,"column":0},"end":{"line":52,"column":20}},"52":{"start":{"line":53,"column":0},"end":{"line":53,"column":14}},"53":{"start":{"line":54,"column":0},"end":{"line":54,"column":39}},"54":{"start":{"line":55,"column":0},"end":{"line":55,"column":42}},"55":{"start":{"line":56,"column":0},"end":{"line":56,"column":5}},"56":{"start":{"line":57,"column":0},"end":{"line":57,"column":4}},"57":{"start":{"line":58,"column":0},"end":{"line":58,"column":1}},"60":{"start":{"line":61,"column":0},"end":{"line":61,"column":67}},"61":{"start":{"line":62,"column":0},"end":{"line":62,"column":40}},"62":{"start":{"line":63,"column":0},"end":{"line":63,"column":58}},"63":{"start":{"line":64,"column":0},"end":{"line":64,"column":30}},"64":{"start":{"line":65,"column":0},"end":{"line":65,"column":22}},"65":{"start":{"line":66,"column":0},"end":{"line":66,"column":36}},"66":{"start":{"line":67,"column":0},"end":{"line":67,"column":3}},"68":{"start":{"line":69,"column":0},"end":{"line":69,"column":36}},"69":{"start":{"line":70,"column":0},"end":{"line":70,"column":78}},"70":{"start":{"line":71,"column":0},"end":{"line":71,"column":3}},"72":{"start":{"line":73,"column":0},"end":{"line":73,"column":10}},"73":{"start":{"line":74,"column":0},"end":{"line":74,"column":154}},"74":{"start":{"line":75,"column":0},"end":{"line":75,"column":63}},"75":{"start":{"line":76,"column":0},"end":{"line":76,"column":58}},"76":{"start":{"line":77,"column":0},"end":{"line":77,"column":70}},"77":{"start":{"line":78,"column":0},"end":{"line":78,"column":33}},"78":{"start":{"line":79,"column":0},"end":{"line":79,"column":21}},"79":{"start":{"line":80,"column":0},"end":{"line":80,"column":44}},"80":{"start":{"line":81,"column":0},"end":{"line":81,"column":65}},"82":{"start":{"line":83,"column":0},"end":{"line":83,"column":64}},"83":{"start":{"line":84,"column":0},"end":{"line":84,"column":23}},"85":{"start":{"line":86,"column":0},"end":{"line":86,"column":16}},"86":{"start":{"line":87,"column":0},"end":{"line":87,"column":108}},"87":{"start":{"line":88,"column":0},"end":{"line":88,"column":23}},"88":{"start":{"line":89,"column":0},"end":{"line":89,"column":45}},"89":{"start":{"line":90,"column":0},"end":{"line":90,"column":46}},"90":{"start":{"line":91,"column":0},"end":{"line":91,"column":100}},"92":{"start":{"line":93,"column":0},"end":{"line":93,"column":54}},"93":{"start":{"line":94,"column":0},"end":{"line":94,"column":54}},"94":{"start":{"line":95,"column":0},"end":{"line":95,"column":29}},"95":{"start":{"line":96,"column":0},"end":{"line":96,"column":29}},"96":{"start":{"line":97,"column":0},"end":{"line":97,"column":21}},"97":{"start":{"line":98,"column":0},"end":{"line":98,"column":25}},"98":{"start":{"line":99,"column":0},"end":{"line":99,"column":17}},"100":{"start":{"line":101,"column":0},"end":{"line":101,"column":16}},"101":{"start":{"line":102,"column":0},"end":{"line":102,"column":11}},"102":{"start":{"line":103,"column":0},"end":{"line":103,"column":12}},"104":{"start":{"line":105,"column":0},"end":{"line":105,"column":87}},"105":{"start":{"line":106,"column":0},"end":{"line":106,"column":49}},"106":{"start":{"line":107,"column":0},"end":{"line":107,"column":12}},"107":{"start":{"line":108,"column":0},"end":{"line":108,"column":10}},"109":{"start":{"line":110,"column":0},"end":{"line":110,"column":1}},"111":{"start":{"line":112,"column":0},"end":{"line":112,"column":29}},"112":{"start":{"line":113,"column":0},"end":{"line":113,"column":29}},"113":{"start":{"line":114,"column":0},"end":{"line":114,"column":38}},"114":{"start":{"line":115,"column":0},"end":{"line":115,"column":39}},"115":{"start":{"line":116,"column":0},"end":{"line":116,"column":16}},"116":{"start":{"line":117,"column":0},"end":{"line":117,"column":27}},"117":{"start":{"line":118,"column":0},"end":{"line":118,"column":41}},"118":{"start":{"line":119,"column":0},"end":{"line":119,"column":40}},"119":{"start":{"line":120,"column":0},"end":{"line":120,"column":44}},"120":{"start":{"line":121,"column":0},"end":{"line":121,"column":39}},"121":{"start":{"line":122,"column":0},"end":{"line":122,"column":44}},"122":{"start":{"line":123,"column":0},"end":{"line":123,"column":41}},"123":{"start":{"line":124,"column":0},"end":{"line":124,"column":16}},"124":{"start":{"line":125,"column":0},"end":{"line":125,"column":43}},"125":{"start":{"line":126,"column":0},"end":{"line":126,"column":1}},"127":{"start":{"line":128,"column":0},"end":{"line":128,"column":30}}},"s":{"0":1,"1":1,"2":1,"5":1,"6":1,"7":1,"8":1,"9":1,"10":88,"11":88,"12":1,"13":1,"14":1,"15":1,"16":1,"17":1,"18":20,"19":20,"20":1,"21":1,"22":1,"23":1,"24":1,"25":1,"26":26,"27":26,"28":1,"29":1,"30":1,"31":1,"32":1,"33":1,"34":1,"35":1,"36":1,"37":1,"38":1,"39":1,"40":1,"41":1,"42":1,"43":1,"44":1,"45":1,"46":1,"47":1,"48":1,"49":1,"50":1,"51":1,"52":1,"53":1,"54":1,"55":1,"56":1,"57":1,"60":1,"61":13,"62":0,"63":0,"64":0,"65":0,"66":0,"68":13,"69":0,"70":0,"72":13,"73":13,"74":13,"75":13,"76":78,"77":78,"78":13,"79":13,"80":13,"82":13,"83":13,"85":65,"86":65,"87":65,"88":65,"89":65,"90":65,"92":65,"93":962,"94":962,"95":962,"96":65,"97":65,"98":65,"100":78,"101":13,"102":13,"104":13,"105":13,"106":13,"107":13,"109":13,"111":1,"112":1,"113":1,"114":1,"115":1,"116":1,"117":1,"118":1,"119":1,"120":1,"121":1,"122":1,"123":1,"124":1,"125":1,"127":1},"branchMap":{"0":{"type":"branch","line":10,"loc":{"start":{"line":10,"column":43},"end":{"line":13,"column":6}},"locations":[{"start":{"line":10,"column":43},"end":{"line":13,"column":6}}]},"1":{"type":"branch","line":18,"loc":{"start":{"line":18,"column":29},"end":{"line":21,"column":6}},"locations":[{"start":{"line":18,"column":29},"end":{"line":21,"column":6}}]},"2":{"type":"branch","line":26,"loc":{"start":{"line":26,"column":40},"end":{"line":29,"column":6}},"locations":[{"start":{"line":26,"column":40},"end":{"line":29,"column":6}}]},"3":{"type":"branch","line":61,"loc":{"start":{"line":61,"column":24},"end":{"line":110,"column":1}},"locations":[{"start":{"line":61,"column":24},"end":{"line":110,"column":1}}]},"4":{"type":"branch","line":62,"loc":{"start":{"line":62,"column":23},"end":{"line":67,"column":3}},"locations":[{"start":{"line":62,"column":23},"end":{"line":67,"column":3}}]},"5":{"type":"branch","line":76,"loc":{"start":{"line":76,"column":28},"end":{"line":101,"column":16}},"locations":[{"start":{"line":76,"column":28},"end":{"line":101,"column":16}}]},"6":{"type":"branch","line":78,"loc":{"start":{"line":78,"column":21},"end":{"line":84,"column":23}},"locations":[{"start":{"line":78,"column":21},"end":{"line":84,"column":23}}]},"7":{"type":"branch","line":83,"loc":{"start":{"line":83,"column":46},"end":{"line":83,"column":64}},"locations":[{"start":{"line":83,"column":46},"end":{"line":83,"column":64}}]},"8":{"type":"branch","line":84,"loc":{"start":{"line":84,"column":14},"end":{"line":99,"column":17}},"locations":[{"start":{"line":84,"column":14},"end":{"line":99,"column":17}}]},"9":{"type":"branch","line":93,"loc":{"start":{"line":93,"column":31},"end":{"line":96,"column":29}},"locations":[{"start":{"line":93,"column":31},"end":{"line":96,"column":29}}]}},"b":{"0":[88],"1":[20],"2":[26],"3":[13],"4":[65],"5":[78],"6":[13],"7":[0],"8":[65],"9":[962]},"fnMap":{"0":{"name":"EditorStatusBar","decl":{"start":{"line":61,"column":24},"end":{"line":110,"column":1}},"loc":{"start":{"line":61,"column":24},"end":{"line":110,"column":1}},"line":61},"1":{"name":"handleChange","decl":{"start":{"line":62,"column":23},"end":{"line":67,"column":3}},"loc":{"start":{"line":62,"column":23},"end":{"line":67,"column":3}},"line":62},"2":{"name":"handleIndentToggle","decl":{"start":{"line":69,"column":29},"end":{"line":71,"column":3}},"loc":{"start":{"line":69,"column":29},"end":{"line":71,"column":3}},"line":69}},"f":{"0":13,"1":65,"2":0}}
,"/home/aliahmad/2025-csc1049-ahmada5-noted/code/frontend/src/components/Editor/ImageUploader.jsx": {"path":"/home/aliahmad/2025-csc1049-ahmada5-noted/code/frontend/src/components/Editor/ImageUploader.jsx","all":false,"statementMap":{"0":{"start":{"line":1,"column":0},"end":{"line":1,"column":40}},"1":{"start":{"line":2,"column":0},"end":{"line":2,"column":41}},"2":{"start":{"line":3,"column":0},"end":{"line":3,"column":55}},"3":{"start":{"line":4,"column":0},"end":{"line":4,"column":34}},"4":{"start":{"line":5,"column":0},"end":{"line":5,"column":47}},"6":{"start":{"line":7,"column":0},"end":{"line":7,"column":50}},"7":{"start":{"line":8,"column":0},"end":{"line":8,"column":49}},"8":{"start":{"line":9,"column":0},"end":{"line":9,"column":51}},"9":{"start":{"line":10,"column":0},"end":{"line":10,"column":42}},"10":{"start":{"line":11,"column":0},"end":{"line":11,"column":35}},"12":{"start":{"line":13,"column":0},"end":{"line":13,"column":35}},"13":{"start":{"line":14,"column":0},"end":{"line":14,"column":16}},"14":{"start":{"line":15,"column":0},"end":{"line":15,"column":37}},"15":{"start":{"line":16,"column":0},"end":{"line":16,"column":5}},"17":{"start":{"line":18,"column":0},"end":{"line":18,"column":42}},"18":{"start":{"line":19,"column":0},"end":{"line":19,"column":36}},"19":{"start":{"line":20,"column":0},"end":{"line":20,"column":5}},"21":{"start":{"line":22,"column":0},"end":{"line":22,"column":45}},"22":{"start":{"line":23,"column":0},"end":{"line":23,"column":31}},"23":{"start":{"line":24,"column":0},"end":{"line":24,"column":48}},"24":{"start":{"line":25,"column":0},"end":{"line":25,"column":5}},"26":{"start":{"line":27,"column":0},"end":{"line":27,"column":15}},"27":{"start":{"line":28,"column":0},"end":{"line":28,"column":3}},"29":{"start":{"line":30,"column":0},"end":{"line":30,"column":45}},"30":{"start":{"line":31,"column":0},"end":{"line":31,"column":18}},"31":{"start":{"line":32,"column":0},"end":{"line":32,"column":38}},"32":{"start":{"line":33,"column":0},"end":{"line":33,"column":47}},"34":{"start":{"line":35,"column":0},"end":{"line":35,"column":26}},"35":{"start":{"line":36,"column":0},"end":{"line":36,"column":31}},"36":{"start":{"line":37,"column":0},"end":{"line":37,"column":12}},"37":{"start":{"line":38,"column":0},"end":{"line":38,"column":5}},"39":{"start":{"line":40,"column":0},"end":{"line":40,"column":22}},"41":{"start":{"line":42,"column":0},"end":{"line":42,"column":9}},"42":{"start":{"line":43,"column":0},"end":{"line":43,"column":59}},"43":{"start":{"line":44,"column":0},"end":{"line":44,"column":24}},"44":{"start":{"line":45,"column":0},"end":{"line":45,"column":19}},"45":{"start":{"line":46,"column":0},"end":{"line":46,"column":62}},"46":{"start":{"line":47,"column":0},"end":{"line":47,"column":23}},"47":{"start":{"line":48,"column":0},"end":{"line":48,"column":41}},"48":{"start":{"line":49,"column":0},"end":{"line":49,"column":15}},"49":{"start":{"line":50,"column":0},"end":{"line":50,"column":25}},"50":{"start":{"line":51,"column":0},"end":{"line":51,"column":5}},"51":{"start":{"line":52,"column":0},"end":{"line":52,"column":3}},"53":{"start":{"line":54,"column":0},"end":{"line":54,"column":35}},"54":{"start":{"line":55,"column":0},"end":{"line":55,"column":18}},"55":{"start":{"line":56,"column":0},"end":{"line":56,"column":33}},"56":{"start":{"line":57,"column":0},"end":{"line":57,"column":3}},"58":{"start":{"line":59,"column":0},"end":{"line":59,"column":10}},"59":{"start":{"line":60,"column":0},"end":{"line":60,"column":84}},"60":{"start":{"line":61,"column":0},"end":{"line":61,"column":47}},"61":{"start":{"line":62,"column":0},"end":{"line":62,"column":18}},"62":{"start":{"line":63,"column":0},"end":{"line":63,"column":35}},"63":{"start":{"line":64,"column":0},"end":{"line":64,"column":21}},"64":{"start":{"line":65,"column":0},"end":{"line":65,"column":63}},"66":{"start":{"line":67,"column":0},"end":{"line":67,"column":24}},"67":{"start":{"line":68,"column":0},"end":{"line":68,"column":62}},"68":{"start":{"line":69,"column":0},"end":{"line":69,"column":35}},"69":{"start":{"line":70,"column":0},"end":{"line":70,"column":67}},"70":{"start":{"line":71,"column":0},"end":{"line":71,"column":18}},"72":{"start":{"line":73,"column":0},"end":{"line":73,"column":56}},"73":{"start":{"line":74,"column":0},"end":{"line":74,"column":20}},"74":{"start":{"line":75,"column":0},"end":{"line":75,"column":27}},"75":{"start":{"line":76,"column":0},"end":{"line":76,"column":34}},"76":{"start":{"line":77,"column":0},"end":{"line":77,"column":43}},"77":{"start":{"line":78,"column":0},"end":{"line":78,"column":32}},"78":{"start":{"line":79,"column":0},"end":{"line":79,"column":34}},"79":{"start":{"line":80,"column":0},"end":{"line":80,"column":16}},"80":{"start":{"line":81,"column":0},"end":{"line":81,"column":21}},"81":{"start":{"line":82,"column":0},"end":{"line":82,"column":28}},"82":{"start":{"line":83,"column":0},"end":{"line":83,"column":43}},"83":{"start":{"line":84,"column":0},"end":{"line":84,"column":40}},"85":{"start":{"line":86,"column":0},"end":{"line":86,"column":61}},"86":{"start":{"line":87,"column":0},"end":{"line":87,"column":23}},"87":{"start":{"line":88,"column":0},"end":{"line":88,"column":18}},"89":{"start":{"line":90,"column":0},"end":{"line":90,"column":14}},"90":{"start":{"line":91,"column":0},"end":{"line":91,"column":19}},"91":{"start":{"line":92,"column":0},"end":{"line":92,"column":12}},"93":{"start":{"line":94,"column":0},"end":{"line":94,"column":1}},"95":{"start":{"line":96,"column":0},"end":{"line":96,"column":27}},"96":{"start":{"line":97,"column":0},"end":{"line":97,"column":38}},"97":{"start":{"line":98,"column":0},"end":{"line":98,"column":36}},"98":{"start":{"line":99,"column":0},"end":{"line":99,"column":1}},"100":{"start":{"line":101,"column":0},"end":{"line":101,"column":28}}},"s":{"0":1,"1":1,"2":1,"3":1,"4":1,"6":1,"7":0,"8":0,"9":0,"10":0,"12":0,"13":0,"14":0,"15":0,"17":0,"18":0,"19":0,"21":0,"22":0,"23":0,"24":0,"26":0,"27":0,"29":0,"30":0,"31":0,"32":0,"34":0,"35":0,"36":0,"37":0,"39":0,"41":0,"42":0,"43":0,"44":0,"45":0,"46":0,"47":0,"48":0,"49":0,"50":0,"51":0,"53":0,"54":0,"55":0,"56":0,"58":0,"59":0,"60":0,"61":0,"62":0,"63":0,"64":0,"66":0,"67":0,"68":0,"69":0,"70":0,"72":0,"73":0,"74":0,"75":0,"76":0,"77":0,"78":0,"79":0,"80":0,"81":0,"82":0,"83":0,"85":0,"86":0,"87":0,"89":0,"90":0,"91":0,"93":0,"95":1,"96":1,"97":1,"98":1,"100":1},"branchMap":{},"b":{},"fnMap":{"0":{"name":"ImageUploader","decl":{"start":{"line":7,"column":22},"end":{"line":94,"column":1}},"loc":{"start":{"line":7,"column":22},"end":{"line":94,"column":1}},"line":7}},"f":{"0":0}}
,"/home/aliahmad/2025-csc1049-ahmada5-noted/code/frontend/src/components/Editor/NoteEditor.jsx": {"path":"/home/aliahmad/2025-csc1049-ahmada5-noted/code/frontend/src/components/Editor/NoteEditor.jsx","all":false,"statementMap":{"0":{"start":{"line":1,"column":0},"end":{"line":1,"column":73}},"1":{"start":{"line":2,"column":0},"end":{"line":2,"column":47}},"2":{"start":{"line":3,"column":0},"end":{"line":3,"column":71}},"3":{"start":{"line":4,"column":0},"end":{"line":4,"column":34}},"4":{"start":{"line":5,"column":0},"end":{"line":5,"column":46}},"5":{"start":{"line":6,"column":0},"end":{"line":6,"column":65}},"6":{"start":{"line":7,"column":0},"end":{"line":7,"column":70}},"7":{"start":{"line":8,"column":0},"end":{"line":8,"column":53}},"8":{"start":{"line":9,"column":0},"end":{"line":9,"column":60}},"9":{"start":{"line":10,"column":0},"end":{"line":10,"column":49}},"10":{"start":{"line":11,"column":0},"end":{"line":11,"column":44}},"11":{"start":{"line":12,"column":0},"end":{"line":12,"column":48}},"12":{"start":{"line":13,"column":0},"end":{"line":13,"column":63}},"13":{"start":{"line":14,"column":0},"end":{"line":14,"column":52}},"14":{"start":{"line":15,"column":0},"end":{"line":15,"column":55}},"15":{"start":{"line":16,"column":0},"end":{"line":16,"column":52}},"16":{"start":{"line":17,"column":0},"end":{"line":17,"column":54}},"17":{"start":{"line":18,"column":0},"end":{"line":18,"column":48}},"18":{"start":{"line":19,"column":0},"end":{"line":19,"column":56}},"19":{"start":{"line":20,"column":0},"end":{"line":20,"column":42}},"20":{"start":{"line":21,"column":0},"end":{"line":21,"column":40}},"21":{"start":{"line":22,"column":0},"end":{"line":22,"column":31}},"22":{"start":{"line":23,"column":0},"end":{"line":23,"column":49}},"23":{"start":{"line":24,"column":0},"end":{"line":24,"column":71}},"25":{"start":{"line":26,"column":0},"end":{"line":26,"column":47}},"26":{"start":{"line":27,"column":0},"end":{"line":27,"column":32}},"27":{"start":{"line":28,"column":0},"end":{"line":28,"column":66}},"28":{"start":{"line":29,"column":0},"end":{"line":29,"column":57}},"29":{"start":{"line":30,"column":0},"end":{"line":30,"column":32}},"30":{"start":{"line":31,"column":0},"end":{"line":31,"column":50}},"32":{"start":{"line":33,"column":0},"end":{"line":33,"column":52}},"33":{"start":{"line":34,"column":0},"end":{"line":34,"column":19}},"34":{"start":{"line":35,"column":0},"end":{"line":35,"column":34}},"35":{"start":{"line":36,"column":0},"end":{"line":36,"column":36}},"36":{"start":{"line":37,"column":0},"end":{"line":37,"column":56}},"37":{"start":{"line":38,"column":0},"end":{"line":38,"column":57}},"38":{"start":{"line":39,"column":0},"end":{"line":39,"column":5}},"39":{"start":{"line":40,"column":0},"end":{"line":40,"column":8}},"41":{"start":{"line":42,"column":0},"end":{"line":42,"column":58}},"42":{"start":{"line":43,"column":0},"end":{"line":43,"column":40}},"43":{"start":{"line":44,"column":0},"end":{"line":44,"column":21}},"45":{"start":{"line":46,"column":0},"end":{"line":46,"column":26}},"46":{"start":{"line":47,"column":0},"end":{"line":47,"column":45}},"47":{"start":{"line":48,"column":0},"end":{"line":48,"column":49}},"49":{"start":{"line":50,"column":0},"end":{"line":50,"column":99}},"50":{"start":{"line":51,"column":0},"end":{"line":51,"column":41}},"51":{"start":{"line":52,"column":0},"end":{"line":52,"column":40}},"52":{"start":{"line":53,"column":0},"end":{"line":53,"column":18}},"53":{"start":{"line":54,"column":0},"end":{"line":54,"column":26}},"54":{"start":{"line":55,"column":0},"end":{"line":55,"column":24}},"55":{"start":{"line":56,"column":0},"end":{"line":56,"column":34}},"56":{"start":{"line":57,"column":0},"end":{"line":57,"column":9}},"57":{"start":{"line":58,"column":0},"end":{"line":58,"column":8}},"58":{"start":{"line":59,"column":0},"end":{"line":59,"column":32}},"59":{"start":{"line":60,"column":0},"end":{"line":60,"column":45}},"60":{"start":{"line":61,"column":0},"end":{"line":61,"column":40}},"61":{"start":{"line":62,"column":0},"end":{"line":62,"column":18}},"62":{"start":{"line":63,"column":0},"end":{"line":63,"column":15}},"63":{"start":{"line":64,"column":0},"end":{"line":64,"column":13}},"64":{"start":{"line":65,"column":0},"end":{"line":65,"column":84}},"65":{"start":{"line":66,"column":0},"end":{"line":66,"column":9}},"66":{"start":{"line":67,"column":0},"end":{"line":67,"column":8}},"67":{"start":{"line":68,"column":0},"end":{"line":68,"column":32}},"68":{"start":{"line":69,"column":0},"end":{"line":69,"column":12}},"69":{"start":{"line":70,"column":0},"end":{"line":70,"column":40}},"70":{"start":{"line":71,"column":0},"end":{"line":71,"column":18}},"71":{"start":{"line":72,"column":0},"end":{"line":72,"column":15}},"72":{"start":{"line":73,"column":0},"end":{"line":73,"column":13}},"73":{"start":{"line":74,"column":0},"end":{"line":74,"column":40}},"74":{"start":{"line":75,"column":0},"end":{"line":75,"column":24}},"75":{"start":{"line":76,"column":0},"end":{"line":76,"column":28}},"76":{"start":{"line":77,"column":0},"end":{"line":77,"column":44}},"77":{"start":{"line":78,"column":0},"end":{"line":78,"column":33}},"78":{"start":{"line":79,"column":0},"end":{"line":79,"column":34}},"79":{"start":{"line":80,"column":0},"end":{"line":80,"column":31}},"80":{"start":{"line":81,"column":0},"end":{"line":81,"column":9}},"81":{"start":{"line":82,"column":0},"end":{"line":82,"column":8}},"82":{"start":{"line":83,"column":0},"end":{"line":83,"column":32}},"83":{"start":{"line":84,"column":0},"end":{"line":84,"column":5}},"84":{"start":{"line":85,"column":0},"end":{"line":85,"column":8}},"86":{"start":{"line":87,"column":0},"end":{"line":87,"column":40}},"87":{"start":{"line":88,"column":0},"end":{"line":88,"column":14}},"88":{"start":{"line":89,"column":0},"end":{"line":89,"column":29}},"89":{"start":{"line":90,"column":0},"end":{"line":90,"column":77}},"90":{"start":{"line":91,"column":0},"end":{"line":91,"column":7}},"91":{"start":{"line":92,"column":0},"end":{"line":92,"column":14}},"92":{"start":{"line":93,"column":0},"end":{"line":93,"column":20}},"93":{"start":{"line":94,"column":0},"end":{"line":94,"column":28}},"94":{"start":{"line":95,"column":0},"end":{"line":95,"column":49}},"95":{"start":{"line":96,"column":0},"end":{"line":96,"column":20}},"96":{"start":{"line":97,"column":0},"end":{"line":97,"column":17}},"97":{"start":{"line":98,"column":0},"end":{"line":98,"column":24}},"98":{"start":{"line":99,"column":0},"end":{"line":99,"column":7}},"99":{"start":{"line":100,"column":0},"end":{"line":100,"column":25}},"101":{"start":{"line":102,"column":0},"end":{"line":102,"column":19}},"102":{"start":{"line":103,"column":0},"end":{"line":103,"column":19}},"103":{"start":{"line":104,"column":0},"end":{"line":104,"column":24}},"104":{"start":{"line":105,"column":0},"end":{"line":105,"column":44}},"105":{"start":{"line":106,"column":0},"end":{"line":106,"column":15}},"106":{"start":{"line":107,"column":0},"end":{"line":107,"column":19}},"107":{"start":{"line":108,"column":0},"end":{"line":108,"column":12}},"108":{"start":{"line":109,"column":0},"end":{"line":109,"column":11}},"109":{"start":{"line":110,"column":0},"end":{"line":110,"column":24}},"110":{"start":{"line":111,"column":0},"end":{"line":111,"column":14}},"111":{"start":{"line":112,"column":0},"end":{"line":112,"column":43}},"112":{"start":{"line":113,"column":0},"end":{"line":113,"column":57}},"113":{"start":{"line":114,"column":0},"end":{"line":114,"column":10}},"114":{"start":{"line":115,"column":0},"end":{"line":115,"column":24}},"115":{"start":{"line":116,"column":0},"end":{"line":116,"column":57}},"116":{"start":{"line":117,"column":0},"end":{"line":117,"column":10}},"117":{"start":{"line":118,"column":0},"end":{"line":118,"column":21}},"118":{"start":{"line":119,"column":0},"end":{"line":119,"column":26}},"119":{"start":{"line":120,"column":0},"end":{"line":120,"column":9}},"120":{"start":{"line":121,"column":0},"end":{"line":121,"column":8}},"121":{"start":{"line":122,"column":0},"end":{"line":122,"column":6}},"122":{"start":{"line":123,"column":0},"end":{"line":123,"column":94}},"124":{"start":{"line":125,"column":0},"end":{"line":125,"column":59}},"125":{"start":{"line":126,"column":0},"end":{"line":126,"column":19}},"127":{"start":{"line":128,"column":0},"end":{"line":128,"column":52}},"128":{"start":{"line":129,"column":0},"end":{"line":129,"column":49}},"129":{"start":{"line":130,"column":0},"end":{"line":130,"column":17}},"130":{"start":{"line":131,"column":0},"end":{"line":131,"column":24}},"131":{"start":{"line":132,"column":0},"end":{"line":132,"column":33}},"132":{"start":{"line":133,"column":0},"end":{"line":133,"column":6}},"133":{"start":{"line":134,"column":0},"end":{"line":134,"column":16}},"135":{"start":{"line":136,"column":0},"end":{"line":136,"column":57}},"136":{"start":{"line":137,"column":0},"end":{"line":137,"column":37}},"137":{"start":{"line":138,"column":0},"end":{"line":138,"column":16}},"139":{"start":{"line":140,"column":0},"end":{"line":140,"column":10}},"140":{"start":{"line":141,"column":0},"end":{"line":141,"column":42}},"141":{"start":{"line":142,"column":0},"end":{"line":142,"column":48}},"142":{"start":{"line":143,"column":0},"end":{"line":143,"column":60}},"144":{"start":{"line":145,"column":0},"end":{"line":145,"column":19}},"145":{"start":{"line":146,"column":0},"end":{"line":146,"column":25}},"146":{"start":{"line":147,"column":0},"end":{"line":147,"column":25}},"147":{"start":{"line":148,"column":0},"end":{"line":148,"column":23}},"148":{"start":{"line":149,"column":0},"end":{"line":149,"column":47}},"149":{"start":{"line":150,"column":0},"end":{"line":150,"column":33}},"150":{"start":{"line":151,"column":0},"end":{"line":151,"column":44}},"151":{"start":{"line":152,"column":0},"end":{"line":152,"column":33}},"152":{"start":{"line":153,"column":0},"end":{"line":153,"column":42}},"153":{"start":{"line":154,"column":0},"end":{"line":154,"column":10}},"155":{"start":{"line":156,"column":0},"end":{"line":156,"column":24}},"156":{"start":{"line":157,"column":0},"end":{"line":157,"column":29}},"157":{"start":{"line":158,"column":0},"end":{"line":158,"column":25}},"158":{"start":{"line":159,"column":0},"end":{"line":159,"column":45}},"159":{"start":{"line":160,"column":0},"end":{"line":160,"column":35}},"160":{"start":{"line":161,"column":0},"end":{"line":161,"column":10}},"161":{"start":{"line":162,"column":0},"end":{"line":162,"column":12}},"162":{"start":{"line":163,"column":0},"end":{"line":163,"column":10}},"164":{"start":{"line":165,"column":0},"end":{"line":165,"column":1}},"166":{"start":{"line":167,"column":0},"end":{"line":167,"column":24}},"167":{"start":{"line":168,"column":0},"end":{"line":168,"column":39}},"168":{"start":{"line":169,"column":0},"end":{"line":169,"column":37}},"169":{"start":{"line":170,"column":0},"end":{"line":170,"column":1}},"171":{"start":{"line":172,"column":0},"end":{"line":172,"column":25}}},"s":{"0":1,"1":1,"2":1,"3":1,"4":1,"5":1,"6":1,"7":1,"8":1,"9":1,"10":1,"11":1,"12":1,"13":1,"14":1,"15":1,"16":1,"17":1,"18":1,"19":1,"20":1,"21":1,"22":1,"23":1,"25":1,"26":12,"27":12,"28":12,"29":12,"30":12,"32":12,"33":5,"34":5,"35":5,"36":5,"37":5,"38":5,"39":12,"41":12,"42":0,"43":0,"45":0,"46":0,"47":0,"49":0,"50":0,"51":0,"52":0,"53":0,"54":0,"55":0,"56":0,"57":0,"58":0,"59":0,"60":0,"61":0,"62":0,"63":0,"64":0,"65":0,"66":0,"67":0,"68":0,"69":0,"70":0,"71":0,"72":0,"73":0,"74":0,"75":0,"76":0,"77":0,"78":0,"79":0,"80":0,"81":0,"82":0,"83":0,"84":12,"86":12,"87":5,"88":5,"89":5,"90":5,"91":5,"92":5,"93":5,"94":5,"95":5,"96":5,"97":5,"98":5,"99":12,"101":12,"102":5,"103":5,"104":5,"105":5,"106":5,"107":5,"108":5,"109":5,"110":5,"111":5,"112":5,"113":5,"114":5,"115":5,"116":5,"117":5,"118":5,"119":5,"120":5,"121":5,"122":12,"124":12,"125":0,"127":0,"128":0,"129":0,"130":0,"131":0,"132":0,"133":12,"135":12,"136":0,"137":12,"139":12,"140":12,"141":12,"142":12,"144":12,"145":12,"146":12,"147":12,"148":12,"149":12,"150":12,"151":12,"152":12,"153":12,"155":12,"156":12,"157":12,"158":12,"159":12,"160":12,"161":12,"162":12,"164":12,"166":1,"167":1,"168":1,"169":1,"171":1},"branchMap":{"0":{"type":"branch","line":26,"loc":{"start":{"line":26,"column":19},"end":{"line":165,"column":1}},"locations":[{"start":{"line":26,"column":19},"end":{"line":165,"column":1}}]},"1":{"type":"branch","line":29,"loc":{"start":{"line":29,"column":29},"end":{"line":29,"column":56}},"locations":[{"start":{"line":29,"column":29},"end":{"line":29,"column":56}}]},"2":{"type":"branch","line":33,"loc":{"start":{"line":33,"column":41},"end":{"line":40,"column":5}},"locations":[{"start":{"line":33,"column":41},"end":{"line":40,"column":5}}]},"3":{"type":"branch","line":35,"loc":{"start":{"line":35,"column":4},"end":{"line":35,"column":34}},"locations":[{"start":{"line":35,"column":4},"end":{"line":35,"column":34}}]},"4":{"type":"branch","line":36,"loc":{"start":{"line":36,"column":4},"end":{"line":36,"column":36}},"locations":[{"start":{"line":36,"column":4},"end":{"line":36,"column":36}}]},"5":{"type":"branch","line":37,"loc":{"start":{"line":37,"column":4},"end":{"line":37,"column":56}},"locations":[{"start":{"line":37,"column":4},"end":{"line":37,"column":56}}]},"6":{"type":"branch","line":87,"loc":{"start":{"line":87,"column":33},"end":{"line":100,"column":5}},"locations":[{"start":{"line":87,"column":33},"end":{"line":100,"column":5}}]},"7":{"type":"branch","line":102,"loc":{"start":{"line":102,"column":12},"end":{"line":123,"column":5}},"locations":[{"start":{"line":102,"column":12},"end":{"line":123,"column":5}}]}},"b":{"0":[12],"1":[17],"2":[5],"3":[0],"4":[0],"5":[0],"6":[5],"7":[5]},"fnMap":{"0":{"name":"NoteEditor","decl":{"start":{"line":26,"column":19},"end":{"line":165,"column":1}},"loc":{"start":{"line":26,"column":19},"end":{"line":165,"column":1}},"line":26},"1":{"name":"codeLanguages","decl":{"start":{"line":90,"column":21},"end":{"line":90,"column":77}},"loc":{"start":{"line":90,"column":21},"end":{"line":90,"column":77}},"line":90}},"f":{"0":12,"1":0}}
,"/home/aliahmad/2025-csc1049-ahmada5-noted/code/frontend/src/components/Editor/Toolbar.jsx": {"path":"/home/aliahmad/2025-csc1049-ahmada5-noted/code/frontend/src/components/Editor/Toolbar.jsx","all":false,"statementMap":{"0":{"start":{"line":1,"column":0},"end":{"line":1,"column":32}},"1":{"start":{"line":2,"column":0},"end":{"line":2,"column":43}},"2":{"start":{"line":3,"column":0},"end":{"line":3,"column":48}},"3":{"start":{"line":4,"column":0},"end":{"line":4,"column":8}},"10":{"start":{"line":11,"column":0},"end":{"line":11,"column":34}},"12":{"start":{"line":13,"column":0},"end":{"line":13,"column":22}},"13":{"start":{"line":14,"column":0},"end":{"line":14,"column":90}},"14":{"start":{"line":15,"column":0},"end":{"line":15,"column":84}},"15":{"start":{"line":16,"column":0},"end":{"line":16,"column":88}},"16":{"start":{"line":17,"column":0},"end":{"line":17,"column":111}},"17":{"start":{"line":18,"column":0},"end":{"line":18,"column":99}},"18":{"start":{"line":19,"column":0},"end":{"line":19,"column":106}},"19":{"start":{"line":20,"column":0},"end":{"line":20,"column":112}},"20":{"start":{"line":21,"column":0},"end":{"line":21,"column":101}},"21":{"start":{"line":22,"column":0},"end":{"line":22,"column":94}},"22":{"start":{"line":23,"column":0},"end":{"line":23,"column":98}},"23":{"start":{"line":24,"column":0},"end":{"line":24,"column":67}},"24":{"start":{"line":25,"column":0},"end":{"line":25,"column":92}},"25":{"start":{"line":26,"column":0},"end":{"line":26,"column":91}},"26":{"start":{"line":27,"column":0},"end":{"line":27,"column":103}},"27":{"start":{"line":28,"column":0},"end":{"line":28,"column":86}},"28":{"start":{"line":29,"column":0},"end":{"line":29,"column":89}},"29":{"start":{"line":30,"column":0},"end":{"line":30,"column":163}},"30":{"start":{"line":31,"column":0},"end":{"line":31,"column":94}},"31":{"start":{"line":32,"column":0},"end":{"line":32,"column":97}},"32":{"start":{"line":33,"column":0},"end":{"line":33,"column":1}},"34":{"start":{"line":35,"column":0},"end":{"line":35,"column":35}},"35":{"start":{"line":36,"column":0},"end":{"line":36,"column":67}},"37":{"start":{"line":38,"column":0},"end":{"line":38,"column":42}},"38":{"start":{"line":39,"column":0},"end":{"line":39,"column":35}},"39":{"start":{"line":40,"column":0},"end":{"line":40,"column":32}},"40":{"start":{"line":41,"column":0},"end":{"line":41,"column":12}},"41":{"start":{"line":42,"column":0},"end":{"line":42,"column":5}},"43":{"start":{"line":44,"column":0},"end":{"line":44,"column":18}},"44":{"start":{"line":45,"column":0},"end":{"line":45,"column":3}},"46":{"start":{"line":47,"column":0},"end":{"line":47,"column":43}},"47":{"start":{"line":48,"column":0},"end":{"line":48,"column":28}},"48":{"start":{"line":49,"column":0},"end":{"line":49,"column":67}},"49":{"start":{"line":50,"column":0},"end":{"line":50,"column":33}},"50":{"start":{"line":51,"column":0},"end":{"line":51,"column":5}},"51":{"start":{"line":52,"column":0},"end":{"line":52,"column":3}},"53":{"start":{"line":54,"column":0},"end":{"line":54,"column":10}},"54":{"start":{"line":55,"column":0},"end":{"line":55,"column":88}},"55":{"start":{"line":56,"column":0},"end":{"line":56,"column":39}},"56":{"start":{"line":57,"column":0},"end":{"line":57,"column":47}},"57":{"start":{"line":58,"column":0},"end":{"line":58,"column":46}},"58":{"start":{"line":59,"column":0},"end":{"line":59,"column":20}},"59":{"start":{"line":60,"column":0},"end":{"line":60,"column":31}},"60":{"start":{"line":61,"column":0},"end":{"line":61,"column":36}},"62":{"start":{"line":63,"column":0},"end":{"line":63,"column":21}},"63":{"start":{"line":64,"column":0},"end":{"line":64,"column":28}},"64":{"start":{"line":65,"column":0},"end":{"line":65,"column":25}},"65":{"start":{"line":66,"column":0},"end":{"line":66,"column":58}},"66":{"start":{"line":67,"column":0},"end":{"line":67,"column":28}},"68":{"start":{"line":69,"column":0},"end":{"line":69,"column":69}},"69":{"start":{"line":70,"column":0},"end":{"line":70,"column":91}},"70":{"start":{"line":71,"column":0},"end":{"line":71,"column":91}},"71":{"start":{"line":72,"column":0},"end":{"line":72,"column":48}},"73":{"start":{"line":74,"column":0},"end":{"line":74,"column":54}},"75":{"start":{"line":76,"column":0},"end":{"line":76,"column":27}},"76":{"start":{"line":77,"column":0},"end":{"line":77,"column":23}},"77":{"start":{"line":78,"column":0},"end":{"line":78,"column":22}},"78":{"start":{"line":79,"column":0},"end":{"line":79,"column":13}},"79":{"start":{"line":80,"column":0},"end":{"line":80,"column":14}},"80":{"start":{"line":81,"column":0},"end":{"line":81,"column":12}},"81":{"start":{"line":82,"column":0},"end":{"line":82,"column":29}},"82":{"start":{"line":83,"column":0},"end":{"line":83,"column":22}},"83":{"start":{"line":84,"column":0},"end":{"line":84,"column":38}},"84":{"start":{"line":85,"column":0},"end":{"line":85,"column":53}},"85":{"start":{"line":86,"column":0},"end":{"line":86,"column":10}},"87":{"start":{"line":88,"column":0},"end":{"line":88,"column":10}},"89":{"start":{"line":90,"column":0},"end":{"line":90,"column":1}},"91":{"start":{"line":92,"column":0},"end":{"line":92,"column":21}},"92":{"start":{"line":93,"column":0},"end":{"line":93,"column":37}},"93":{"start":{"line":94,"column":0},"end":{"line":94,"column":1}},"95":{"start":{"line":96,"column":0},"end":{"line":96,"column":22}}},"s":{"0":1,"1":1,"2":1,"3":1,"10":1,"12":1,"13":1,"14":1,"15":1,"16":1,"17":1,"18":1,"19":1,"20":1,"21":1,"22":1,"23":1,"24":1,"25":1,"26":1,"27":1,"28":1,"29":1,"30":1,"31":1,"32":1,"34":1,"35":14,"37":14,"38":1,"39":0,"40":0,"41":0,"43":1,"44":1,"46":14,"47":0,"48":0,"49":0,"50":0,"51":0,"53":14,"54":14,"55":14,"56":14,"57":14,"58":266,"59":266,"60":266,"62":266,"63":266,"64":266,"65":266,"66":266,"68":266,"69":266,"70":266,"71":266,"73":266,"75":266,"76":266,"77":266,"78":14,"79":14,"80":14,"81":14,"82":0,"83":0,"84":0,"85":0,"87":14,"89":14,"91":1,"92":1,"93":1,"95":1},"branchMap":{"0":{"type":"branch","line":35,"loc":{"start":{"line":35,"column":16},"end":{"line":90,"column":1}},"locations":[{"start":{"line":35,"column":16},"end":{"line":90,"column":1}}]},"1":{"type":"branch","line":82,"loc":{"start":{"line":82,"column":7},"end":{"line":86,"column":10}},"locations":[{"start":{"line":82,"column":7},"end":{"line":86,"column":10}}]},"2":{"type":"branch","line":38,"loc":{"start":{"line":38,"column":31},"end":{"line":45,"column":3}},"locations":[{"start":{"line":38,"column":31},"end":{"line":45,"column":3}}]},"3":{"type":"branch","line":39,"loc":{"start":{"line":39,"column":34},"end":{"line":42,"column":5}},"locations":[{"start":{"line":39,"column":34},"end":{"line":42,"column":5}}]},"4":{"type":"branch","line":58,"loc":{"start":{"line":58,"column":28},"end":{"line":78,"column":22}},"locations":[{"start":{"line":58,"column":28},"end":{"line":78,"column":22}}]},"5":{"type":"branch","line":69,"loc":{"start":{"line":69,"column":30},"end":{"line":69,"column":66}},"locations":[{"start":{"line":69,"column":30},"end":{"line":69,"column":66}}]},"6":{"type":"branch","line":69,"loc":{"start":{"line":69,"column":34},"end":{"line":69,"column":68}},"locations":[{"start":{"line":69,"column":34},"end":{"line":69,"column":68}}]},"7":{"type":"branch","line":70,"loc":{"start":{"line":70,"column":52},"end":{"line":70,"column":88}},"locations":[{"start":{"line":70,"column":52},"end":{"line":70,"column":88}}]},"8":{"type":"branch","line":70,"loc":{"start":{"line":70,"column":56},"end":{"line":70,"column":90}},"locations":[{"start":{"line":70,"column":56},"end":{"line":70,"column":90}}]},"9":{"type":"branch","line":71,"loc":{"start":{"line":71,"column":30},"end":{"line":71,"column":71}},"locations":[{"start":{"line":71,"column":30},"end":{"line":71,"column":71}}]},"10":{"type":"branch","line":71,"loc":{"start":{"line":71,"column":67},"end":{"line":71,"column":88}},"locations":[{"start":{"line":71,"column":67},"end":{"line":71,"column":88}}]},"11":{"type":"branch","line":71,"loc":{"start":{"line":71,"column":71},"end":{"line":71,"column":90}},"locations":[{"start":{"line":71,"column":71},"end":{"line":71,"column":90}}]},"12":{"type":"branch","line":72,"loc":{"start":{"line":72,"column":30},"end":{"line":72,"column":45}},"locations":[{"start":{"line":72,"column":30},"end":{"line":72,"column":45}}]},"13":{"type":"branch","line":72,"loc":{"start":{"line":72,"column":34},"end":{"line":72,"column":47}},"locations":[{"start":{"line":72,"column":34},"end":{"line":72,"column":47}}]},"14":{"type":"branch","line":66,"loc":{"start":{"line":66,"column":25},"end":{"line":66,"column":58}},"locations":[{"start":{"line":66,"column":25},"end":{"line":66,"column":58}}]}},"b":{"0":[14],"1":[0],"2":[1],"3":[0],"4":[266],"5":[14],"6":[252],"7":[14],"8":[252],"9":[252],"10":[238],"11":[28],"12":[252],"13":[14],"14":[1]},"fnMap":{"0":{"name":"Toolbar","decl":{"start":{"line":35,"column":16},"end":{"line":90,"column":1}},"loc":{"start":{"line":35,"column":16},"end":{"line":90,"column":1}},"line":35},"1":{"name":"handleMarkdownAction","decl":{"start":{"line":38,"column":31},"end":{"line":45,"column":3}},"loc":{"start":{"line":38,"column":31},"end":{"line":45,"column":3}},"line":38},"2":{"name":"handleImageUpload","decl":{"start":{"line":47,"column":28},"end":{"line":52,"column":3}},"loc":{"start":{"line":47,"column":28},"end":{"line":52,"column":3}},"line":47},"3":{"name":"onClick","decl":{"start":{"line":66,"column":25},"end":{"line":66,"column":58}},"loc":{"start":{"line":66,"column":25},"end":{"line":66,"column":58}},"line":66},"4":{"name":"onClose","decl":{"start":{"line":85,"column":19},"end":{"line":85,"column":53}},"loc":{"start":{"line":85,"column":19},"end":{"line":85,"column":53}},"line":85}},"f":{"0":14,"1":1,"2":0,"3":1,"4":0}}
,"/home/aliahmad/2025-csc1049-ahmada5-noted/code/frontend/src/components/Notes/NoteCard.jsx": {"path":"/home/aliahmad/2025-csc1049-ahmada5-noted/code/frontend/src/components/Notes/NoteCard.jsx","all":false,"statementMap":{"0":{"start":{"line":1,"column":0},"end":{"line":1,"column":32}},"1":{"start":{"line":2,"column":0},"end":{"line":2,"column":34}},"2":{"start":{"line":3,"column":0},"end":{"line":3,"column":27}},"3":{"start":{"line":4,"column":0},"end":{"line":4,"column":35}},"4":{"start":{"line":5,"column":0},"end":{"line":5,"column":57}},"6":{"start":{"line":7,"column":0},"end":{"line":7,"column":26}},"8":{"start":{"line":9,"column":0},"end":{"line":9,"column":63}},"9":{"start":{"line":10,"column":0},"end":{"line":10,"column":59}},"10":{"start":{"line":11,"column":0},"end":{"line":11,"column":55}},"12":{"start":{"line":13,"column":0},"end":{"line":13,"column":31}},"13":{"start":{"line":14,"column":0},"end":{"line":14,"column":23}},"14":{"start":{"line":15,"column":0},"end":{"line":15,"column":71}},"15":{"start":{"line":16,"column":0},"end":{"line":16,"column":16}},"16":{"start":{"line":17,"column":0},"end":{"line":17,"column":5}},"17":{"start":{"line":18,"column":0},"end":{"line":18,"column":3}},"19":{"start":{"line":20,"column":0},"end":{"line":20,"column":29}},"20":{"start":{"line":21,"column":0},"end":{"line":21,"column":23}},"21":{"start":{"line":22,"column":0},"end":{"line":22,"column":26}},"22":{"start":{"line":23,"column":0},"end":{"line":23,"column":3}},"24":{"start":{"line":25,"column":0},"end":{"line":25,"column":38}},"25":{"start":{"line":26,"column":0},"end":{"line":26,"column":23}},"26":{"start":{"line":27,"column":0},"end":{"line":27,"column":19}},"27":{"start":{"line":28,"column":0},"end":{"line":28,"column":3}},"29":{"start":{"line":30,"column":0},"end":{"line":30,"column":36}},"30":{"start":{"line":31,"column":0},"end":{"line":31,"column":23}},"31":{"start":{"line":32,"column":0},"end":{"line":32,"column":32}},"32":{"start":{"line":33,"column":0},"end":{"line":33,"column":3}},"34":{"start":{"line":35,"column":0},"end":{"line":35,"column":75}},"35":{"start":{"line":36,"column":0},"end":{"line":36,"column":75}},"37":{"start":{"line":38,"column":0},"end":{"line":38,"column":10}},"38":{"start":{"line":39,"column":0},"end":{"line":39,"column":6}},"39":{"start":{"line":40,"column":0},"end":{"line":40,"column":10}},"40":{"start":{"line":41,"column":0},"end":{"line":41,"column":182}},"41":{"start":{"line":42,"column":0},"end":{"line":42,"column":25}},"43":{"start":{"line":44,"column":0},"end":{"line":44,"column":63}},"44":{"start":{"line":45,"column":0},"end":{"line":45,"column":17}},"45":{"start":{"line":46,"column":0},"end":{"line":46,"column":34}},"46":{"start":{"line":47,"column":0},"end":{"line":47,"column":120}},"47":{"start":{"line":48,"column":0},"end":{"line":48,"column":32}},"49":{"start":{"line":50,"column":0},"end":{"line":50,"column":22}},"50":{"start":{"line":51,"column":0},"end":{"line":51,"column":19}},"51":{"start":{"line":52,"column":0},"end":{"line":52,"column":17}},"52":{"start":{"line":53,"column":0},"end":{"line":53,"column":36}},"53":{"start":{"line":54,"column":0},"end":{"line":54,"column":118}},"54":{"start":{"line":55,"column":0},"end":{"line":55,"column":34}},"56":{"start":{"line":57,"column":0},"end":{"line":57,"column":23}},"57":{"start":{"line":58,"column":0},"end":{"line":58,"column":19}},"58":{"start":{"line":59,"column":0},"end":{"line":59,"column":14}},"60":{"start":{"line":61,"column":0},"end":{"line":61,"column":35}},"61":{"start":{"line":62,"column":0},"end":{"line":62,"column":113}},"62":{"start":{"line":63,"column":0},"end":{"line":63,"column":24}},"63":{"start":{"line":64,"column":0},"end":{"line":64,"column":15}},"64":{"start":{"line":65,"column":0},"end":{"line":65,"column":14}},"66":{"start":{"line":67,"column":0},"end":{"line":67,"column":47}},"67":{"start":{"line":68,"column":0},"end":{"line":68,"column":65}},"68":{"start":{"line":69,"column":0},"end":{"line":69,"column":46}},"69":{"start":{"line":70,"column":0},"end":{"line":70,"column":21}},"70":{"start":{"line":71,"column":0},"end":{"line":71,"column":50}},"71":{"start":{"line":72,"column":0},"end":{"line":72,"column":55}},"72":{"start":{"line":73,"column":0},"end":{"line":73,"column":176}},"74":{"start":{"line":75,"column":0},"end":{"line":75,"column":21}},"75":{"start":{"line":76,"column":0},"end":{"line":76,"column":23}},"76":{"start":{"line":77,"column":0},"end":{"line":77,"column":15}},"77":{"start":{"line":78,"column":0},"end":{"line":78,"column":35}},"78":{"start":{"line":79,"column":0},"end":{"line":79,"column":21}},"79":{"start":{"line":80,"column":0},"end":{"line":80,"column":43}},"80":{"start":{"line":81,"column":0},"end":{"line":81,"column":176}},"81":{"start":{"line":82,"column":0},"end":{"line":82,"column":15}},"82":{"start":{"line":83,"column":0},"end":{"line":83,"column":37}},"83":{"start":{"line":84,"column":0},"end":{"line":84,"column":23}},"85":{"start":{"line":86,"column":0},"end":{"line":86,"column":16}},"88":{"start":{"line":89,"column":0},"end":{"line":89,"column":105}},"89":{"start":{"line":90,"column":0},"end":{"line":90,"column":45}},"90":{"start":{"line":91,"column":0},"end":{"line":91,"column":73}},"91":{"start":{"line":92,"column":0},"end":{"line":92,"column":59}},"92":{"start":{"line":93,"column":0},"end":{"line":93,"column":16}},"94":{"start":{"line":95,"column":0},"end":{"line":95,"column":45}},"95":{"start":{"line":96,"column":0},"end":{"line":96,"column":72}},"96":{"start":{"line":97,"column":0},"end":{"line":97,"column":70}},"97":{"start":{"line":98,"column":0},"end":{"line":98,"column":16}},"98":{"start":{"line":99,"column":0},"end":{"line":99,"column":14}},"99":{"start":{"line":100,"column":0},"end":{"line":100,"column":12}},"101":{"start":{"line":102,"column":0},"end":{"line":102,"column":16}},"102":{"start":{"line":103,"column":0},"end":{"line":103,"column":28}},"103":{"start":{"line":104,"column":0},"end":{"line":104,"column":47}},"104":{"start":{"line":105,"column":0},"end":{"line":105,"column":24}},"105":{"start":{"line":106,"column":0},"end":{"line":106,"column":23}},"106":{"start":{"line":107,"column":0},"end":{"line":107,"column":8}},"108":{"start":{"line":109,"column":0},"end":{"line":109,"column":23}},"109":{"start":{"line":110,"column":0},"end":{"line":110,"column":100}},"110":{"start":{"line":111,"column":0},"end":{"line":111,"column":84}},"111":{"start":{"line":112,"column":0},"end":{"line":112,"column":68}},"112":{"start":{"line":113,"column":0},"end":{"line":113,"column":44}},"113":{"start":{"line":114,"column":0},"end":{"line":114,"column":46}},"114":{"start":{"line":115,"column":0},"end":{"line":115,"column":23}},"115":{"start":{"line":116,"column":0},"end":{"line":116,"column":56}},"116":{"start":{"line":117,"column":0},"end":{"line":117,"column":57}},"117":{"start":{"line":118,"column":0},"end":{"line":118,"column":178}},"119":{"start":{"line":120,"column":0},"end":{"line":120,"column":23}},"120":{"start":{"line":121,"column":0},"end":{"line":121,"column":25}},"121":{"start":{"line":122,"column":0},"end":{"line":122,"column":17}},"122":{"start":{"line":123,"column":0},"end":{"line":123,"column":18}},"123":{"start":{"line":124,"column":0},"end":{"line":124,"column":19}},"124":{"start":{"line":125,"column":0},"end":{"line":125,"column":51}},"125":{"start":{"line":126,"column":0},"end":{"line":126,"column":106}},"126":{"start":{"line":127,"column":0},"end":{"line":127,"column":13}},"128":{"start":{"line":129,"column":0},"end":{"line":129,"column":21}},"129":{"start":{"line":130,"column":0},"end":{"line":130,"column":16}},"130":{"start":{"line":131,"column":0},"end":{"line":131,"column":14}},"132":{"start":{"line":133,"column":0},"end":{"line":133,"column":7}},"134":{"start":{"line":135,"column":0},"end":{"line":135,"column":1}},"136":{"start":{"line":137,"column":0},"end":{"line":137,"column":22}},"137":{"start":{"line":138,"column":0},"end":{"line":138,"column":25}},"138":{"start":{"line":139,"column":0},"end":{"line":139,"column":36}},"139":{"start":{"line":140,"column":0},"end":{"line":140,"column":39}},"140":{"start":{"line":141,"column":0},"end":{"line":141,"column":46}},"141":{"start":{"line":142,"column":0},"end":{"line":142,"column":27}},"142":{"start":{"line":143,"column":0},"end":{"line":143,"column":30}},"143":{"start":{"line":144,"column":0},"end":{"line":144,"column":34}},"144":{"start":{"line":145,"column":0},"end":{"line":145,"column":43}},"145":{"start":{"line":146,"column":0},"end":{"line":146,"column":16}},"146":{"start":{"line":147,"column":0},"end":{"line":147,"column":37}},"147":{"start":{"line":148,"column":0},"end":{"line":148,"column":40}},"148":{"start":{"line":149,"column":0},"end":{"line":149,"column":38}},"149":{"start":{"line":150,"column":0},"end":{"line":150,"column":1}},"151":{"start":{"line":152,"column":0},"end":{"line":152,"column":23}}},"s":{"0":1,"1":1,"2":1,"3":1,"4":1,"6":1,"8":1,"9":14,"10":14,"12":14,"13":0,"14":0,"15":0,"16":0,"17":0,"19":14,"20":2,"21":2,"22":2,"24":14,"25":2,"26":2,"27":2,"29":14,"30":2,"31":2,"32":2,"34":14,"35":14,"37":14,"38":14,"39":14,"40":14,"41":14,"43":14,"44":14,"45":14,"46":14,"47":14,"49":14,"50":14,"51":14,"52":14,"53":14,"54":14,"56":14,"57":14,"58":14,"60":14,"61":14,"62":14,"63":14,"64":14,"66":14,"67":13,"68":13,"69":38,"70":38,"71":38,"72":38,"74":38,"75":38,"76":13,"77":13,"78":12,"79":12,"80":12,"81":12,"82":12,"83":12,"85":13,"88":14,"89":14,"90":14,"91":14,"92":14,"94":14,"95":14,"96":14,"97":14,"98":14,"99":14,"101":14,"102":14,"103":14,"104":14,"105":14,"106":14,"108":14,"109":2,"110":2,"111":2,"112":2,"113":2,"114":8,"115":8,"116":8,"117":8,"119":8,"120":8,"121":2,"122":2,"123":2,"124":2,"125":2,"126":2,"128":2,"129":2,"130":2,"132":14,"134":14,"136":1,"137":1,"138":1,"139":1,"140":1,"141":1,"142":1,"143":1,"144":1,"145":1,"146":1,"147":1,"148":1,"149":1,"151":1},"branchMap":{"0":{"type":"branch","line":9,"loc":{"start":{"line":9,"column":17},"end":{"line":135,"column":1}},"locations":[{"start":{"line":9,"column":17},"end":{"line":135,"column":1}}]},"1":{"type":"branch","line":35,"loc":{"start":{"line":35,"column":27},"end":{"line":35,"column":73}},"locations":[{"start":{"line":35,"column":27},"end":{"line":35,"column":73}}]},"2":{"type":"branch","line":35,"loc":{"start":{"line":35,"column":69},"end":{"line":35,"column":75}},"locations":[{"start":{"line":35,"column":69},"end":{"line":35,"column":75}}]},"3":{"type":"branch","line":36,"loc":{"start":{"line":36,"column":29},"end":{"line":36,"column":74}},"locations":[{"start":{"line":36,"column":29},"end":{"line":36,"column":74}}]},"4":{"type":"branch","line":36,"loc":{"start":{"line":36,"column":55},"end":{"line":36,"column":75}},"locations":[{"start":{"line":36,"column":55},"end":{"line":36,"column":75}}]},"5":{"type":"branch","line":67,"loc":{"start":{"line":67,"column":14},"end":{"line":67,"column":47}},"locations":[{"start":{"line":67,"column":14},"end":{"line":67,"column":47}}]},"6":{"type":"branch","line":67,"loc":{"start":{"line":67,"column":41},"end":{"line":86,"column":16}},"locations":[{"start":{"line":67,"column":41},"end":{"line":86,"column":16}}]},"7":{"type":"branch","line":78,"loc":{"start":{"line":78,"column":29},"end":{"line":84,"column":23}},"locations":[{"start":{"line":78,"column":29},"end":{"line":84,"column":23}}]},"8":{"type":"branch","line":109,"loc":{"start":{"line":109,"column":7},"end":{"line":131,"
[...]
nd":{"line":96,"column":46}},"96":{"start":{"line":97,"column":0},"end":{"line":97,"column":5}},"97":{"start":{"line":98,"column":0},"end":{"line":98,"column":3}},"98":{"start":{"line":99,"column":0},"end":{"line":99,"column":27}},"99":{"start":{"line":100,"column":0},"end":{"line":100,"column":59}},"100":{"start":{"line":101,"column":0},"end":{"line":101,"column":3}},"102":{"start":{"line":103,"column":0},"end":{"line":103,"column":14}},"103":{"start":{"line":104,"column":0},"end":{"line":104,"column":1}},"105":{"start":{"line":106,"column":0},"end":{"line":106,"column":56}},"106":{"start":{"line":107,"column":0},"end":{"line":107,"column":33}},"107":{"start":{"line":108,"column":0},"end":{"line":108,"column":1}},"109":{"start":{"line":110,"column":0},"end":{"line":110,"column":47}},"110":{"start":{"line":111,"column":0},"end":{"line":111,"column":45}},"112":{"start":{"line":113,"column":0},"end":{"line":113,"column":37}},"113":{"start":{"line":114,"column":0},"end":{"line":114,"column":93}},"114":{"start":{"line":115,"column":0},"end":{"line":115,"column":13}},"115":{"start":{"line":116,"column":0},"end":{"line":116,"column":3}},"117":{"start":{"line":118,"column":0},"end":{"line":118,"column":36}},"118":{"start":{"line":119,"column":0},"end":{"line":119,"column":32}},"120":{"start":{"line":121,"column":0},"end":{"line":121,"column":42}},"121":{"start":{"line":122,"column":0},"end":{"line":122,"column":28}},"122":{"start":{"line":123,"column":0},"end":{"line":123,"column":34}},"123":{"start":{"line":124,"column":0},"end":{"line":124,"column":80}},"124":{"start":{"line":125,"column":0},"end":{"line":125,"column":14}},"125":{"start":{"line":126,"column":0},"end":{"line":126,"column":5}},"127":{"start":{"line":128,"column":0},"end":{"line":128,"column":9}},"128":{"start":{"line":129,"column":0},"end":{"line":129,"column":64}},"129":{"start":{"line":130,"column":0},"end":{"line":130,"column":52}},"130":{"start":{"line":131,"column":0},"end":{"line":131,"column":69}},"132":{"start":{"line":133,"column":0},"end":{"line":133,"column":56}},"133":{"start":{"line":134,"column":0},"end":{"line":134,"column":24}},"134":{"start":{"line":135,"column":0},"end":{"line":135,"column":108}},"135":{"start":{"line":136,"column":0},"end":{"line":136,"column":16}},"136":{"start":{"line":137,"column":0},"end":{"line":137,"column":7}},"138":{"start":{"line":139,"column":0},"end":{"line":139,"column":26}},"139":{"start":{"line":140,"column":0},"end":{"line":140,"column":21}},"140":{"start":{"line":141,"column":0},"end":{"line":141,"column":113}},"141":{"start":{"line":142,"column":0},"end":{"line":142,"column":14}},"142":{"start":{"line":143,"column":0},"end":{"line":143,"column":5}},"143":{"start":{"line":144,"column":0},"end":{"line":144,"column":3}},"145":{"start":{"line":146,"column":0},"end":{"line":146,"column":16}},"146":{"start":{"line":147,"column":0},"end":{"line":147,"column":1}},"148":{"start":{"line":149,"column":0},"end":{"line":149,"column":31}}},"s":{"0":1,"2":2,"3":2,"4":2,"6":4,"7":4,"8":4,"9":4,"10":4,"11":4,"12":4,"13":4,"14":4,"15":4,"16":4,"17":4,"18":4,"19":4,"20":4,"21":4,"22":4,"23":4,"24":4,"25":4,"29":1,"30":4,"32":4,"33":4,"35":4,"36":4,"37":2,"38":2,"39":2,"40":4,"41":1,"42":1,"43":1,"44":1,"45":4,"46":1,"47":1,"48":1,"49":4,"50":4,"52":4,"53":4,"54":4,"56":1,"57":7,"58":7,"60":7,"61":7,"63":7,"64":13,"65":0,"66":0,"68":13,"69":13,"71":13,"72":3,"73":3,"74":3,"75":3,"76":0,"77":0,"78":3,"79":13,"80":9,"81":9,"82":0,"83":0,"84":9,"85":9,"86":1,"87":1,"88":8,"89":9,"90":3,"91":9,"92":5,"93":5,"94":10,"95":1,"96":1,"97":13,"98":7,"99":1,"100":1,"102":5,"103":5,"105":1,"106":6,"107":6,"109":1,"110":4,"112":4,"113":1,"114":1,"115":1,"117":2,"118":2,"120":4,"121":1,"122":1,"123":0,"124":0,"125":0,"127":1,"128":1,"129":1,"130":1,"132":1,"133":1,"134":0,"135":0,"136":0,"138":1,"139":1,"140":0,"141":0,"142":0,"143":1,"145":1,"146":1,"148":1},"branchMap":{"0":{"type":"branch","line":3,"loc":{"start":{"line":3,"column":0},"end":{"line":5,"column":1}},"locations":[{"start":{"line":3,"column":0},"end":{"line":5,"column":1}}]},"1":{"type":"branch","line":7,"loc":{"start":{"line":7,"column":0},"end":{"line":26,"column":1}},"locations":[{"start":{"line":7,"column":0},"end":{"line":26,"column":1}}]},"2":{"type":"branch","line":30,"loc":{"start":{"line":30,"column":42},"end":{"line":55,"column":1}},"locations":[{"start":{"line":30,"column":42},"end":{"line":55,"column":1}}]},"3":{"type":"branch","line":37,"loc":{"start":{"line":37,"column":4},"end":{"line":40,"column":11}},"locations":[{"start":{"line":37,"column":4},"end":{"line":40,"column":11}}]},"4":{"type":"branch","line":41,"loc":{"start":{"line":41,"column":4},"end":{"line":45,"column":11}},"locations":[{"start":{"line":41,"column":4},"end":{"line":45,"column":11}}]},"5":{"type":"branch","line":46,"loc":{"start":{"line":46,"column":4},"end":{"line":49,"column":11}},"locations":[{"start":{"line":46,"column":4},"end":{"line":49,"column":11}}]},"6":{"type":"branch","line":57,"loc":{"start":{"line":57,"column":44},"end":{"line":104,"column":1}},"locations":[{"start":{"line":57,"column":44},"end":{"line":104,"column":1}}]},"7":{"type":"branch","line":64,"loc":{"start":{"line":64,"column":28},"end":{"line":98,"column":3}},"locations":[{"start":{"line":64,"column":28},"end":{"line":98,"column":3}}]},"8":{"type":"branch","line":65,"loc":{"start":{"line":65,"column":28},"end":{"line":67,"column":5}},"locations":[{"start":{"line":65,"column":28},"end":{"line":67,"column":5}}]},"9":{"type":"branch","line":72,"loc":{"start":{"line":72,"column":20},"end":{"line":80,"column":5}},"locations":[{"start":{"line":72,"column":20},"end":{"line":80,"column":5}}]},"10":{"type":"branch","line":76,"loc":{"start":{"line":76,"column":8},"end":{"line":78,"column":7}},"locations":[{"start":{"line":76,"column":8},"end":{"line":78,"column":7}}]},"11":{"type":"branch","line":80,"loc":{"start":{"line":80,"column":5},"end":{"line":97,"column":5}},"locations":[{"start":{"line":80,"column":5},"end":{"line":97,"column":5}}]},"12":{"type":"branch","line":80,"loc":{"start":{"line":80,"column":26},"end":{"line":80,"column":39}},"locations":[{"start":{"line":80,"column":26},"end":{"line":80,"column":39}}]},"13":{"type":"branch","line":80,"loc":{"start":{"line":80,"column":41},"end":{"line":95,"column":5}},"locations":[{"start":{"line":80,"column":41},"end":{"line":95,"column":5}}]},"14":{"type":"branch","line":82,"loc":{"start":{"line":82,"column":29},"end":{"line":84,"column":7}},"locations":[{"start":{"line":82,"column":29},"end":{"line":84,"column":7}}]},"15":{"type":"branch","line":86,"loc":{"start":{"line":86,"column":28},"end":{"line":88,"column":7}},"locations":[{"start":{"line":86,"column":28},"end":{"line":88,"column":7}}]},"16":{"type":"branch","line":88,"loc":{"start":{"line":88,"column":6},"end":{"line":90,"column":22}},"locations":[{"start":{"line":88,"column":6},"end":{"line":90,"column":22}}]},"17":{"type":"branch","line":90,"loc":{"start":{"line":90,"column":22},"end":{"line":92,"column":7}},"locations":[{"start":{"line":90,"column":22},"end":{"line":92,"column":7}}]},"18":{"type":"branch","line":92,"loc":{"start":{"line":92,"column":7},"end":{"line":94,"column":7}},"locations":[{"start":{"line":92,"column":7},"end":{"line":94,"column":7}}]},"19":{"type":"branch","line":95,"loc":{"start":{"line":95,"column":5},"end":{"line":97,"column":5}},"locations":[{"start":{"line":95,"column":5},"end":{"line":97,"column":5}}]},"20":{"type":"branch","line":98,"loc":{"start":{"line":98,"column":2},"end":{"line":99,"column":26}},"locations":[{"start":{"line":98,"column":2},"end":{"line":99,"column":26}}]},"21":{"type":"branch","line":99,"loc":{"start":{"line":99,"column":26},"end":{"line":101,"column":3}},"locations":[{"start":{"line":99,"column":26},"end":{"line":101,"column":3}}]},"22":{"type":"branch","line":101,"loc":{"start":{"line":101,"column":2},"end":{"line":104,"column":1}},"locations":[{"start":{"line":101,"column":2},"end":{"line":104,"column":1}}]},"23":{"type":"branch","line":106,"loc":{"start":{"line":106,"column":36},"end":{"line":108,"column":1}},"locations":[{"start":{"line":106,"column":36},"end":{"line":108,"column":1}}]},"24":{"type":"branch","line":110,"loc":{"start":{"line":110,"column":35},"end":{"line":147,"column":1}},"locations":[{"start":{"line":110,"column":35},"end":{"line":147,"column":1}}]},"25":{"type":"branch","line":111,"loc":{"start":{"line":111,"column":36},"end":{"line":111,"column":45}},"locations":[{"start":{"line":111,"column":36},"end":{"line":111,"column":45}}]},"26":{"type":"branch","line":111,"loc":{"start":{"line":111,"column":44},"end":{"line":113,"column":36}},"locations":[{"start":{"line":111,"column":44},"end":{"line":113,"column":36}}]},"27":{"type":"branch","line":113,"loc":{"start":{"line":113,"column":36},"end":{"line":116,"column":3}},"locations":[{"start":{"line":113,"column":36},"end":{"line":116,"column":3}}]},"28":{"type":"branch","line":116,"loc":{"start":{"line":116,"column":2},"end":{"line":121,"column":41}},"locations":[{"start":{"line":116,"column":2},"end":{"line":121,"column":41}}]},"29":{"type":"branch","line":121,"loc":{"start":{"line":121,"column":41},"end":{"line":147,"column":1}},"locations":[{"start":{"line":121,"column":41},"end":{"line":147,"column":1}}]},"30":{"type":"branch","line":123,"loc":{"start":{"line":123,"column":33},"end":{"line":126,"column":5}},"locations":[{"start":{"line":123,"column":33},"end":{"line":126,"column":5}}]},"31":{"type":"branch","line":134,"loc":{"start":{"line":134,"column":23},"end":{"line":137,"column":7}},"locations":[{"start":{"line":134,"column":23},"end":{"line":137,"column":7}}]},"32":{"type":"branch","line":140,"loc":{"start":{"line":140,"column":6},"end":{"line":143,"column":5}},"locations":[{"start":{"line":140,"column":6},"end":{"line":143,"column":5}}]},"33":{"type":"branch","line":133,"loc":{"start":{"line":133,"column":39},"end":{"line":133,"column":55}},"locations":[{"start":{"line":133,"column":39},"end":{"line":133,"column":55}}]}},"b":{"0":[2],"1":[4],"2":[4],"3":[2],"4":[1],"5":[1],"6":[7],"7":[13],"8":[0],"9":[3],"10":[0],"11":[10],"12":[6],"13":[9],"14":[0],"15":[1],"16":[8],"17":[3],"18":[5],"19":[1],"20":[6],"21":[1],"22":[5],"23":[6],"24":[4],"25":[1],"26":[3],"27":[1],"28":[2],"29":[1],"30":[0],"31":[0],"32":[0],"33":[1]},"fnMap":{"0":{"name":"encode","decl":{"start":{"line":3,"column":0},"end":{"line":5,"column":1}},"loc":{"start":{"line":3,"column":0},"end":{"line":5,"column":1}},"line":3},"1":{"name":"unescaper","decl":{"start":{"line":7,"column":0},"end":{"line":26,"column":1}},"loc":{"start":{"line":7,"column":0},"end":{"line":26,"column":1}},"line":7},"2":{"name":"__vite_ssr_import_0__.diff_match_patch.diff_toDelta","decl":{"start":{"line":30,"column":42},"end":{"line":55,"column":1}},"loc":{"start":{"line":30,"column":42},"end":{"line":55,"column":1}},"line":30},"3":{"name":"__vite_ssr_import_0__.diff_match_patch.diff_fromDelta","decl":{"start":{"line":57,"column":44},"end":{"line":104,"column":1}},"loc":{"start":{"line":57,"column":44},"end":{"line":104,"column":1}},"line":57},"4":{"name":"shouldCreateSnapshot","decl":{"start":{"line":106,"column":36},"end":{"line":108,"column":1}},"loc":{"start":{"line":106,"column":36},"end":{"line":108,"column":1}},"line":106},"5":{"name":"buildVersionContent","decl":{"start":{"line":110,"column":35},"end":{"line":147,"column":1}},"loc":{"start":{"line":110,"column":35},"end":{"line":147,"column":1}},"line":110}},"f":{"0":2,"1":4,"2":4,"3":7,"4":6,"5":4}}
,"/home/aliahmad/2025-csc1049-ahmada5-noted/code/frontend/src/utils/util.js": {"path":"/home/aliahmad/2025-csc1049-ahmada5-noted/code/frontend/src/utils/util.js","all":false,"statementMap":{"0":{"start":{"line":1,"column":0},"end":{"line":1,"column":38}},"1":{"start":{"line":2,"column":0},"end":{"line":2,"column":41}},"2":{"start":{"line":3,"column":0},"end":{"line":3,"column":52}},"3":{"start":{"line":4,"column":0},"end":{"line":4,"column":1}}},"s":{"0":1,"1":0,"2":0,"3":0},"branchMap":{},"b":{},"fnMap":{"0":{"name":"arraysEqual","decl":{"start":{"line":1,"column":27},"end":{"line":4,"column":1}},"loc":{"start":{"line":1,"column":27},"end":{"line":4,"column":1}},"line":1}},"f":{"0":0}}
,"/home/aliahmad/2025-csc1049-ahmada5-noted/code/frontend/tests/test-utils.jsx": {"path":"/home/aliahmad/2025-csc1049-ahmada5-noted/code/frontend/tests/test-utils.jsx","all":false,"statementMap":{"0":{"start":{"line":1,"column":0},"end":{"line":1,"column":47}},"1":{"start":{"line":2,"column":0},"end":{"line":2,"column":38}},"2":{"start":{"line":3,"column":0},"end":{"line":3,"column":49}},"3":{"start":{"line":4,"column":0},"end":{"line":4,"column":75}},"4":{"start":{"line":5,"column":0},"end":{"line":5,"column":59}},"5":{"start":{"line":6,"column":0},"end":{"line":6,"column":75}},"6":{"start":{"line":7,"column":0},"end":{"line":7,"column":61}},"7":{"start":{"line":8,"column":0},"end":{"line":8,"column":59}},"8":{"start":{"line":9,"column":0},"end":{"line":9,"column":59}},"9":{"start":{"line":10,"column":0},"end":{"line":10,"column":75}},"11":{"start":{"line":12,"column":0},"end":{"line":12,"column":49}},"12":{"start":{"line":13,"column":0},"end":{"line":13,"column":25}},"13":{"start":{"line":14,"column":0},"end":{"line":14,"column":14}},"14":{"start":{"line":15,"column":0},"end":{"line":15,"column":40}},"15":{"start":{"line":16,"column":0},"end":{"line":16,"column":26}},"16":{"start":{"line":17,"column":0},"end":{"line":17,"column":24}},"17":{"start":{"line":18,"column":0},"end":{"line":18,"column":24}},"18":{"start":{"line":19,"column":0},"end":{"line":19,"column":40}},"19":{"start":{"line":20,"column":0},"end":{"line":20,"column":6}},"20":{"start":{"line":21,"column":0},"end":{"line":21,"column":19}},"21":{"start":{"line":22,"column":0},"end":{"line":22,"column":41}},"22":{"start":{"line":23,"column":0},"end":{"line":23,"column":28}},"23":{"start":{"line":24,"column":0},"end":{"line":24,"column":33}},"24":{"start":{"line":25,"column":0},"end":{"line":25,"column":9}},"25":{"start":{"line":26,"column":0},"end":{"line":26,"column":4}},"26":{"start":{"line":27,"column":0},"end":{"line":27,"column":1}},"28":{"start":{"line":29,"column":0},"end":{"line":29,"column":72}},"29":{"start":{"line":30,"column":0},"end":{"line":30,"column":70}},"30":{"start":{"line":31,"column":0},"end":{"line":31,"column":2}},"32":{"start":{"line":33,"column":0},"end":{"line":33,"column":36}},"33":{"start":{"line":34,"column":0},"end":{"line":34,"column":5}},"34":{"start":{"line":35,"column":0},"end":{"line":35,"column":3}},"35":{"start":{"line":36,"column":0},"end":{"line":36,"column":24}},"36":{"start":{"line":37,"column":0},"end":{"line":37,"column":39}},"37":{"start":{"line":38,"column":0},"end":{"line":38,"column":15}},"38":{"start":{"line":39,"column":0},"end":{"line":39,"column":21}},"39":{"start":{"line":40,"column":0},"end":{"line":40,"column":20}},"40":{"start":{"line":41,"column":0},"end":{"line":41,"column":8}},"41":{"start":{"line":42,"column":0},"end":{"line":42,"column":3}},"42":{"start":{"line":43,"column":0},"end":{"line":43,"column":25}},"44":{"start":{"line":45,"column":0},"end":{"line":45,"column":57}},"45":{"start":{"line":46,"column":0},"end":{"line":46,"column":12}},"46":{"start":{"line":47,"column":0},"end":{"line":47,"column":30}},"47":{"start":{"line":48,"column":0},"end":{"line":48,"column":46}},"48":{"start":{"line":49,"column":0},"end":{"line":49,"column":25}},"49":{"start":{"line":50,"column":0},"end":{"line":50,"column":55}},"50":{"start":{"line":51,"column":0},"end":{"line":51,"column":20}},"51":{"start":{"line":52,"column":0},"end":{"line":52,"column":47}},"52":{"start":{"line":53,"column":0},"end":{"line":53,"column":51}},"53":{"start":{"line":54,"column":0},"end":{"line":54,"column":21}},"54":{"start":{"line":55,"column":0},"end":{"line":55,"column":26}},"55":{"start":{"line":56,"column":0},"end":{"line":56,"column":23}},"56":{"start":{"line":57,"column":0},"end":{"line":57,"column":17}},"58":{"start":{"line":59,"column":0},"end":{"line":59,"column":3}},"60":{"start":{"line":61,"column":0},"end":{"line":61,"column":10}},"61":{"start":{"line":62,"column":0},"end":{"line":62,"column":10}},"62":{"start":{"line":63,"column":0},"end":{"line":63,"column":27}},"63":{"start":{"line":64,"column":0},"end":{"line":64,"column":58}},"64":{"start":{"line":65,"column":0},"end":{"line":65,"column":3}},"65":{"start":{"line":66,"column":0},"end":{"line":66,"column":1}},"67":{"start":{"line":68,"column":0},"end":{"line":68,"column":63}},"68":{"start":{"line":69,"column":0},"end":{"line":69,"column":39}},"69":{"start":{"line":70,"column":0},"end":{"line":70,"column":69}},"70":{"start":{"line":71,"column":0},"end":{"line":71,"column":65}},"71":{"start":{"line":72,"column":0},"end":{"line":72,"column":61}},"72":{"start":{"line":73,"column":0},"end":{"line":73,"column":13}},"73":{"start":{"line":74,"column":0},"end":{"line":74,"column":1}},"75":{"start":{"line":76,"column":0},"end":{"line":76,"column":61}}},"s":{"0":1,"1":1,"2":1,"3":1,"4":1,"5":1,"6":1,"7":1,"8":1,"9":1,"11":1,"12":87,"13":87,"14":87,"15":87,"16":87,"17":87,"18":87,"19":87,"20":87,"21":87,"22":87,"23":87,"24":87,"25":87,"26":87,"28":1,"29":19,"30":87,"32":1,"33":87,"34":87,"35":87,"36":87,"37":87,"38":87,"39":87,"40":87,"41":87,"42":87,"44":87,"45":90,"46":90,"47":90,"48":90,"49":90,"50":90,"51":90,"52":90,"53":90,"54":90,"55":90,"56":90,"58":90,"60":87,"61":87,"62":87,"63":87,"64":87,"65":87,"67":96,"68":96,"69":96,"70":96,"71":96,"72":96,"73":96,"75":1},"branchMap":{"0":{"type":"branch","line":12,"loc":{"start":{"line":12,"column":7},"end":{"line":27,"column":1}},"locations":[{"start":{"line":12,"column":7},"end":{"line":27,"column":1}}]},"1":{"type":"branch","line":22,"loc":{"start":{"line":22,"column":16},"end":{"line":25,"column":9}},"locations":[{"start":{"line":22,"column":16},"end":{"line":25,"column":9}}]},"2":{"type":"branch","line":29,"loc":{"start":{"line":29,"column":34},"end":{"line":31,"column":2}},"locations":[{"start":{"line":29,"column":34},"end":{"line":31,"column":2}}]},"3":{"type":"branch","line":29,"loc":{"start":{"line":29,"column":62},"end":{"line":30,"column":70}},"locations":[{"start":{"line":29,"column":62},"end":{"line":30,"column":70}}]},"4":{"type":"branch","line":33,"loc":{"start":{"line":33,"column":7},"end":{"line":66,"column":1}},"locations":[{"start":{"line":33,"column":7},"end":{"line":66,"column":1}}]},"5":{"type":"branch","line":45,"loc":{"start":{"line":45,"column":2},"end":{"line":59,"column":3}},"locations":[{"start":{"line":45,"column":2},"end":{"line":59,"column":3}}]},"6":{"type":"branch","line":68,"loc":{"start":{"line":68,"column":0},"end":{"line":74,"column":1}},"locations":[{"start":{"line":68,"column":0},"end":{"line":74,"column":1}}]}},"b":{"0":[87],"1":[87],"2":[87],"3":[19],"4":[87],"5":[90],"6":[96]},"fnMap":{"0":{"name":"setupStore","decl":{"start":{"line":12,"column":7},"end":{"line":27,"column":1}},"loc":{"start":{"line":12,"column":7},"end":{"line":27,"column":1}},"line":12},"1":{"name":"middleware","decl":{"start":{"line":22,"column":16},"end":{"line":25,"column":9}},"loc":{"start":{"line":22,"column":16},"end":{"line":25,"column":9}},"line":22},"2":{"name":"createRoutesConfig","decl":{"start":{"line":29,"column":34},"end":{"line":31,"column":2}},"loc":{"start":{"line":29,"column":34},"end":{"line":31,"column":2}},"line":29},"3":{"name":"renderWithProviders","decl":{"start":{"line":33,"column":7},"end":{"line":66,"column":1}},"loc":{"start":{"line":33,"column":7},"end":{"line":66,"column":1}},"line":33},"4":{"name":"Wrapper","decl":{"start":{"line":45,"column":2},"end":{"line":59,"column":3}},"loc":{"start":{"line":45,"column":2},"end":{"line":59,"column":3}},"line":45},"5":{"name":"LocationDisplay","decl":{"start":{"line":68,"column":0},"end":{"line":74,"column":1}},"loc":{"start":{"line":68,"column":0},"end":{"line":74,"column":1}},"line":68}},"f":{"0":87,"1":87,"2":87,"3":87,"4":90,"5":96}}
}
