mode: atomic
noted/main.go:5.13,7.2 1 0
noted/internal/utils/diff.go:11.67,16.29 4 0
noted/internal/utils/diff.go:16.29,18.25 2 0
noted/internal/utils/diff.go:18.25,20.4 1 0
noted/internal/utils/diff.go:21.3,21.42 1 0
noted/internal/utils/diff.go:21.42,23.4 1 0
noted/internal/utils/diff.go:24.3,25.19 2 0
noted/internal/utils/diff.go:25.19,27.4 1 0
noted/internal/utils/diff.go:28.3,28.27 1 0
noted/internal/utils/diff.go:28.27,30.4 1 0
noted/internal/utils/diff.go:33.2,33.19 1 0
noted/internal/utils/diff.go:33.19,35.3 1 0
noted/internal/utils/diff.go:37.2,42.35 5 0
noted/internal/utils/diff.go:42.35,45.17 3 0
noted/internal/utils/diff.go:45.17,47.4 1 0
noted/internal/utils/diff.go:49.3,54.4 1 0
noted/internal/utils/diff.go:57.2,60.49 4 0
noted/internal/utils/diff.go:60.49,62.3 1 0
noted/internal/utils/diff.go:64.2,65.37 2 0
noted/internal/utils/diff.go:68.143,69.21 1 2
noted/internal/utils/diff.go:69.21,71.3 1 1
noted/internal/utils/diff.go:73.2,80.16 3 1
noted/internal/utils/diff.go:80.16,82.3 1 1
noted/internal/utils/diff.go:84.2,86.34 2 0
noted/internal/utils/diff.go:86.34,88.29 2 0
noted/internal/utils/diff.go:88.29,90.4 1 0
noted/internal/utils/diff.go:92.3,98.17 2 0
noted/internal/utils/diff.go:98.17,100.4 1 0
noted/internal/utils/diff.go:103.3,104.17 2 0
noted/internal/utils/diff.go:104.17,107.4 1 0
noted/internal/utils/diff.go:109.3,112.38 3 0
noted/internal/utils/diff.go:112.38,113.19 1 0
noted/internal/utils/diff.go:113.19,116.5 1 0
noted/internal/utils/diff.go:119.3,119.23 1 0
noted/internal/utils/diff.go:122.2,122.21 1 0
noted/internal/utils/editor.go:10.32,11.49 1 4
noted/internal/utils/editor.go:11.49,13.3 1 2
noted/internal/utils/editor.go:15.2,15.49 1 2
noted/internal/utils/editor.go:15.49,17.3 1 1
noted/internal/utils/editor.go:19.2,19.22 1 1
noted/internal/utils/editor.go:20.17,21.19 1 0
noted/internal/utils/editor.go:22.10,24.34 2 1
noted/internal/utils/editor.go:24.34,25.51 1 1
noted/internal/utils/editor.go:25.51,27.5 1 1
noted/internal/utils/editor.go:31.2,31.15 1 0
noted/internal/utils/editor.go:34.42,42.34 6 1
noted/internal/utils/editor.go:42.34,44.3 1 0
noted/internal/utils/editor.go:46.2,46.12 1 1
noted/internal/utils/sanitise.go:9.41,14.26 3 6
noted/internal/utils/sanitise.go:14.26,15.48 1 68
noted/internal/utils/sanitise.go:15.48,17.4 1 53
noted/internal/utils/sanitise.go:17.9,19.4 1 15
noted/internal/utils/sanitise.go:22.2,27.18 4 6
noted/internal/utils/sanitise.go:30.60,34.2 3 6
noted/internal/utils/sanitise.go:36.45,37.53 1 6
noted/internal/utils/sanitise.go:37.53,39.3 1 12
noted/internal/utils/sanitise.go:40.2,40.15 1 6
noted/internal/utils/utils.go:3.43,4.22 1 7
noted/internal/utils/utils.go:4.22,6.3 1 1
noted/internal/utils/utils.go:7.2,7.19 1 6
noted/internal/utils/utils.go:7.19,8.19 1 7
noted/internal/utils/utils.go:8.19,10.4 1 2
noted/internal/utils/utils.go:12.2,12.13 1 4
noted/internal/storage/storage.go:36.34,38.16 2 1
noted/internal/storage/storage.go:38.16,40.3 1 0
noted/internal/storage/storage.go:42.2,44.24 3 1
noted/internal/storage/storage.go:44.24,48.3 1 0
noted/internal/storage/storage.go:49.2,49.16 1 1
noted/internal/storage/storage.go:49.16,51.3 1 0
noted/internal/storage/storage.go:53.2,54.53 2 1
noted/internal/storage/storage.go:54.53,56.3 1 0
noted/internal/storage/storage.go:58.2,58.20 1 1
noted/internal/storage/storage.go:61.36,63.16 2 1
noted/internal/storage/storage.go:63.16,65.3 1 0
noted/internal/storage/storage.go:67.2,68.16 2 1
noted/internal/storage/storage.go:68.16,70.3 1 0
noted/internal/storage/storage.go:72.2,73.55 2 1
noted/internal/storage/storage.go:73.55,75.3 1 0
noted/internal/storage/storage.go:77.2,77.12 1 1
noted/internal/storage/storage.go:80.28,82.16 2 0
noted/internal/storage/storage.go:82.16,84.3 1 0
noted/internal/storage/storage.go:86.2,87.68 2 0
noted/internal/storage/storage.go:87.68,89.3 1 0
noted/internal/storage/storage.go:91.2,92.16 2 0
noted/internal/storage/storage.go:92.16,94.3 1 0
noted/internal/storage/storage.go:96.2,96.29 1 0
noted/internal/storage/storage.go:96.29,97.44 1 0
noted/internal/storage/storage.go:97.44,98.69 1 0
noted/internal/storage/storage.go:98.69,100.5 1 0
noted/internal/storage/storage.go:104.2,104.12 1 0
noted/internal/storage/storage.go:107.25,110.47 2 0
noted/internal/storage/storage.go:110.47,112.3 1 0
noted/internal/storage/storage.go:113.2,114.16 2 0
noted/internal/storage/storage.go:114.16,116.3 1 0
noted/internal/storage/storage.go:118.2,119.16 2 0
noted/internal/storage/storage.go:119.16,121.3 1 0
noted/internal/storage/storage.go:123.2,123.55 1 0
noted/internal/storage/storage.go:123.55,124.41 1 0
noted/internal/storage/storage.go:124.41,126.4 1 0
noted/internal/storage/storage.go:127.3,131.42 2 0
noted/internal/storage/storage.go:131.42,133.4 1 0
noted/internal/storage/storage.go:136.2,136.12 1 0
noted/internal/storage/storage.go:139.66,141.16 2 0
noted/internal/storage/storage.go:141.16,143.3 1 0
noted/internal/storage/storage.go:145.2,149.16 4 0
noted/internal/storage/storage.go:149.16,151.3 1 0
noted/internal/storage/storage.go:153.2,154.16 2 0
noted/internal/storage/storage.go:154.16,156.3 1 0
noted/internal/storage/storage.go:158.2,168.16 3 0
noted/internal/storage/storage.go:168.16,170.3 1 0
noted/internal/storage/storage.go:172.2,180.16 3 0
noted/internal/storage/storage.go:180.16,182.3 1 0
noted/internal/storage/storage.go:185.2,188.79 3 0
noted/internal/storage/storage.go:188.79,190.3 1 0
noted/internal/storage/storage.go:192.2,192.41 1 0
noted/internal/storage/storage.go:192.41,194.3 1 0
noted/internal/storage/storage.go:196.2,196.22 1 0
noted/internal/storage/storage.go:199.46,201.16 2 0
noted/internal/storage/storage.go:201.16,203.3 1 0
noted/internal/storage/storage.go:205.2,205.22 1 0
noted/internal/storage/storage.go:206.9,207.64 1 0
noted/internal/storage/storage.go:208.9,209.26 1 0
noted/internal/storage/storage.go:210.10,212.32 2 0
noted/internal/storage/storage.go:212.32,220.4 1 0
noted/internal/storage/storage.go:222.3,225.56 4 0
noted/internal/storage/storage.go:225.56,227.4 1 0
noted/internal/storage/storage.go:229.3,229.33 1 0
noted/internal/storage/storage.go:233.46,235.16 2 1
noted/internal/storage/storage.go:235.16,237.3 1 0
noted/internal/storage/storage.go:239.2,242.35 3 1
noted/internal/storage/storage.go:242.35,243.49 1 1
noted/internal/storage/storage.go:243.49,245.4 1 1
noted/internal/storage/storage.go:248.2,248.42 1 1
noted/internal/storage/storage.go:248.42,250.3 1 0
noted/internal/storage/storage.go:252.2,252.21 1 1
noted/internal/storage/storage.go:255.44,257.16 2 0
noted/internal/storage/storage.go:257.16,259.3 1 0
noted/internal/storage/storage.go:261.2,261.35 1 0
noted/internal/storage/storage.go:261.35,262.20 1 0
noted/internal/storage/storage.go:262.20,264.4 1 0
noted/internal/storage/storage.go:267.2,267.57 1 0
noted/internal/storage/storage.go:270.34,272.16 2 0
noted/internal/storage/storage.go:272.16,274.3 1 0
noted/internal/storage/storage.go:276.2,276.35 1 0
noted/internal/storage/storage.go:276.35,277.20 1 0
noted/internal/storage/storage.go:277.20,282.18 4 0
noted/internal/storage/storage.go:282.18,284.5 1 0
noted/internal/storage/storage.go:286.4,287.69 2 0
noted/internal/storage/storage.go:287.69,289.5 1 0
noted/internal/storage/storage.go:291.4,291.43 1 0
noted/internal/storage/storage.go:291.43,293.5 1 0
noted/internal/storage/storage.go:295.4,295.14 1 0
noted/internal/storage/storage.go:299.2,299.52 1 0
noted/internal/storage/storage.go:302.39,304.16 2 0
noted/internal/storage/storage.go:304.16,306.3 1 0
noted/internal/storage/storage.go:308.2,309.16 2 0
noted/internal/storage/storage.go:309.16,311.3 1 0
noted/internal/storage/storage.go:313.2,314.29 2 0
noted/internal/storage/storage.go:314.29,315.35 1 0
noted/internal/storage/storage.go:315.35,318.9 3 0
noted/internal/storage/storage.go:322.2,322.12 1 0
noted/internal/storage/storage.go:322.12,324.3 1 0
noted/internal/storage/storage.go:326.2,326.41 1 0
noted/internal/storage/storage.go:326.41,328.3 1 0
noted/internal/storage/storage.go:330.2,330.12 1 0
noted/internal/storage/storage.go:333.55,335.16 2 0
noted/internal/storage/storage.go:335.16,337.3 1 0
noted/internal/storage/storage.go:338.2,339.16 2 0
noted/internal/storage/storage.go:339.16,341.3 1 0
noted/internal/storage/storage.go:343.2,343.29 1 0
noted/internal/storage/storage.go:346.62,348.16 2 0
noted/internal/storage/storage.go:348.16,350.3 1 0
noted/internal/storage/storage.go:352.2,352.74 1 0
noted/internal/storage/storage.go:355.75,357.16 2 0
noted/internal/storage/storage.go:357.16,359.3 1 0
noted/internal/storage/storage.go:361.2,362.16 2 0
noted/internal/storage/storage.go:362.16,364.3 1 0
noted/internal/storage/storage.go:366.2,369.37 3 0
noted/internal/storage/storage.go:369.37,372.53 3 0
noted/internal/storage/storage.go:372.53,374.4 1 0
noted/internal/storage/storage.go:377.2,378.16 2 0
noted/internal/storage/storage.go:378.16,380.3 1 0
noted/internal/storage/storage.go:382.2,383.29 2 0
noted/internal/storage/storage.go:383.29,384.38 1 0
noted/internal/storage/storage.go:384.38,390.9 6 0
noted/internal/storage/storage.go:394.2,394.12 1 0
noted/internal/storage/storage.go:394.12,396.3 1 0
noted/internal/storage/storage.go:398.2,398.41 1 0
noted/internal/storage/storage.go:398.41,400.3 1 0
noted/internal/storage/storage.go:402.2,402.25 1 0
noted/internal/storage/sync.go:21.57,23.16 2 0
noted/internal/storage/sync.go:23.16,25.3 1 0
noted/internal/storage/sync.go:27.2,30.16 3 0
noted/internal/storage/sync.go:30.16,32.3 1 0
noted/internal/storage/sync.go:34.2,35.16 2 0
noted/internal/storage/sync.go:35.16,37.3 1 0
noted/internal/storage/sync.go:39.2,40.35 2 0
noted/internal/storage/sync.go:40.35,42.3 1 0
noted/internal/storage/sync.go:44.2,47.16 3 0
noted/internal/storage/sync.go:47.16,49.3 1 0
noted/internal/storage/sync.go:51.2,51.43 1 0
noted/internal/storage/sync.go:51.43,52.73 1 0
noted/internal/storage/sync.go:52.73,54.4 1 0
noted/internal/storage/sync.go:55.3,55.23 1 0
noted/internal/storage/sync.go:58.2,60.41 2 0
noted/internal/storage/sync.go:60.41,64.17 3 0
noted/internal/storage/sync.go:64.17,66.4 1 0
noted/internal/storage/sync.go:68.3,68.14 1 0
noted/internal/storage/sync.go:68.14,71.12 3 0
noted/internal/storage/sync.go:74.3,75.44 2 0
noted/internal/storage/sync.go:75.44,78.4 2 0
noted/internal/storage/sync.go:81.2,81.27 1 0
noted/internal/storage/sync.go:81.27,83.17 2 0
noted/internal/storage/sync.go:83.17,85.4 1 0
noted/internal/storage/sync.go:87.3,87.30 1 0
noted/internal/storage/sync.go:87.30,89.18 2 0
noted/internal/storage/sync.go:89.18,91.5 1 0
noted/internal/storage/sync.go:93.4,94.18 2 0
noted/internal/storage/sync.go:94.18,96.5 1 0
noted/internal/storage/sync.go:98.4,109.67 2 0
noted/internal/storage/sync.go:109.67,111.5 1 0
noted/internal/storage/sync.go:115.2,116.41 2 0
noted/internal/storage/sync.go:116.41,118.3 1 0
noted/internal/storage/sync.go:120.2,121.19 2 0
noted/internal/storage/sync.go:124.88,129.16 4 0
noted/internal/storage/sync.go:129.16,131.3 1 0
noted/internal/storage/sync.go:133.2,134.16 2 0
noted/internal/storage/sync.go:134.16,136.3 1 0
noted/internal/storage/sync.go:138.2,148.16 3 0
noted/internal/storage/sync.go:148.16,150.3 1 0
noted/internal/storage/sync.go:152.2,152.43 1 0
noted/internal/storage/sync.go:152.43,153.44 1 0
noted/internal/storage/sync.go:153.44,155.68 2 0
noted/internal/storage/sync.go:155.68,157.5 1 0
noted/internal/storage/sync.go:159.3,159.29 1 0
noted/internal/storage/sync.go:160.8,163.3 2 0
noted/internal/storage/sync.go:165.2,166.75 2 0
noted/internal/storage/sync.go:166.75,168.3 1 0
noted/internal/storage/sync.go:170.2,170.22 1 0
noted/internal/storage/sync.go:173.77,175.13 2 0
noted/internal/storage/sync.go:175.13,177.3 1 0
noted/internal/storage/sync.go:179.2,179.40 1 0
noted/internal/storage/sync.go:179.40,182.3 1 0
noted/internal/storage/sync.go:184.2,185.16 2 0
noted/internal/storage/sync.go:185.16,187.3 1 0
noted/internal/storage/sync.go:189.2,190.67 2 0
noted/internal/storage/sync.go:190.67,192.3 1 0
noted/internal/storage/sync.go:194.2,196.37 2 0
noted/internal/storage/sync.go:196.37,197.20 1 0
noted/internal/storage/sync.go:197.20,199.4 1 0
noted/internal/storage/sync.go:202.2,204.12 2 0
noted/internal/api/auth.go:11.49,13.16 2 0
noted/internal/api/auth.go:13.16,15.3 1 0
noted/internal/api/auth.go:17.2,18.54 2 0
noted/internal/api/auth.go:18.54,20.3 1 0
noted/internal/api/auth.go:22.2,22.19 1 0
noted/internal/api/client.go:22.35,28.2 2 1
noted/internal/api/client.go:30.89,35.16 3 0
noted/internal/api/client.go:35.16,37.3 1 0
noted/internal/api/client.go:40.2,41.16 2 0
noted/internal/api/client.go:41.16,43.3 1 0
noted/internal/api/client.go:45.2,46.17 2 0
noted/internal/api/client.go:46.17,48.3 1 0
noted/internal/api/client.go:50.2,51.16 2 0
noted/internal/api/client.go:51.16,53.3 1 0
noted/internal/api/client.go:55.2,55.18 1 0
noted/internal/api/client.go:58.80,63.16 3 37
noted/internal/api/client.go:63.16,65.3 1 0
noted/internal/api/client.go:67.2,67.48 1 37
noted/internal/api/client.go:67.48,69.56 2 14
noted/internal/api/client.go:69.56,71.4 1 0
noted/internal/api/client.go:72.3,73.41 2 14
noted/internal/api/client.go:75.2,75.44 1 23
noted/internal/api/client.go:75.44,76.70 1 1
noted/internal/api/client.go:76.70,78.4 1 0
noted/internal/api/client.go:79.3,79.48 1 1
noted/internal/api/client.go:82.2,82.122 1 22
noted/internal/api/client.go:82.122,84.56 2 0
noted/internal/api/client.go:84.56,86.4 1 0
noted/internal/api/client.go:87.3,87.85 1 0
noted/internal/api/client.go:90.2,90.19 1 22
noted/internal/api/client.go:90.19,91.54 1 20
noted/internal/api/client.go:91.54,93.4 1 2
noted/internal/api/client.go:96.2,96.12 1 20
noted/internal/api/client.go:99.114,103.16 3 0
noted/internal/api/client.go:103.16,105.3 1 0
noted/internal/api/client.go:107.2,108.16 2 0
noted/internal/api/client.go:108.16,110.3 1 0
noted/internal/api/client.go:112.2,116.16 4 0
noted/internal/api/client.go:116.16,118.3 1 0
noted/internal/api/client.go:120.2,120.18 1 0
noted/internal/api/encryption.go:15.67,17.16 2 0
noted/internal/api/encryption.go:17.16,19.3 1 0
noted/internal/api/encryption.go:21.2,22.16 2 0
noted/internal/api/encryption.go:22.16,24.3 1 0
noted/internal/api/encryption.go:26.2,26.36 1 0
noted/internal/api/encryption.go:29.58,31.16 2 0
noted/internal/api/encryption.go:31.16,33.3 1 0
noted/internal/api/encryption.go:35.2,36.54 2 0
noted/internal/api/encryption.go:36.54,38.3 1 0
noted/internal/api/encryption.go:40.2,40.18 1 0
noted/internal/api/encryption.go:43.61,45.16 2 0
noted/internal/api/encryption.go:45.16,47.3 1 0
noted/internal/api/encryption.go:49.2,50.53 2 0
noted/internal/api/encryption.go:50.53,52.3 1 0
noted/internal/api/encryption.go:54.2,54.17 1 0
noted/internal/api/encryption.go:57.42,59.16 2 0
noted/internal/api/encryption.go:59.16,61.3 1 0
noted/internal/api/encryption.go:63.2,64.52 2 0
noted/internal/api/encryption.go:64.52,66.3 1 0
noted/internal/api/encryption.go:68.2,68.16 1 0
noted/internal/api/encryption.go:71.51,73.16 2 0
noted/internal/api/encryption.go:73.16,75.3 1 0
noted/internal/api/encryption.go:77.2,78.56 2 0
noted/internal/api/encryption.go:78.56,80.3 1 0
noted/internal/api/encryption.go:82.2,82.20 1 0
noted/internal/api/image.go:18.71,19.47 1 0
noted/internal/api/image.go:19.47,21.3 1 0
noted/internal/api/image.go:23.2,24.16 2 0
noted/internal/api/image.go:24.16,26.3 1 0
noted/internal/api/image.go:28.2,29.16 2 0
noted/internal/api/image.go:29.16,31.3 1 0
noted/internal/api/image.go:33.2,34.56 2 0
noted/internal/api/image.go:34.56,36.3 1 0
noted/internal/api/image.go:38.2,38.21 1 0
noted/internal/api/image.go:40.42,42.16 2 0
noted/internal/api/image.go:42.16,44.3 1 0
noted/internal/api/image.go:46.2,46.18 1 0
noted/internal/api/image.go:46.18,48.3 1 0
noted/internal/api/image.go:50.2,50.32 1 0
noted/internal/api/image.go:50.32,52.3 1 0
noted/internal/api/image.go:55.2,56.16 2 0
noted/internal/api/image.go:56.16,58.3 1 0
noted/internal/api/image.go:59.2,62.42 3 0
noted/internal/api/image.go:62.42,64.3 1 0
noted/internal/api/image.go:67.2,68.47 2 0
noted/internal/api/image.go:68.47,70.3 1 0
noted/internal/api/image.go:72.2,72.12 1 0
noted/internal/api/image.go:75.86,81.16 4 0
noted/internal/api/image.go:81.16,83.3 1 0
noted/internal/api/image.go:84.2,87.16 3 0
noted/internal/api/image.go:87.16,89.3 1 0
noted/internal/api/image.go:91.2,91.47 1 0
noted/internal/api/image.go:91.47,93.3 1 0
noted/internal/api/image.go:95.2,95.39 1 0
noted/internal/api/image.go:95.39,97.3 1 0
noted/internal/api/image.go:99.2,99.48 1 0
noted/internal/api/note.go:65.75,67.18 2 0
noted/internal/api/note.go:67.18,69.3 1 0
noted/internal/api/note.go:70.2,70.15 1 0
noted/internal/api/note.go:70.15,72.3 1 0
noted/internal/api/note.go:74.2,75.20 2 0
noted/internal/api/note.go:75.20,77.3 1 0
noted/internal/api/note.go:79.2,80.16 2 0
noted/internal/api/note.go:80.16,82.3 1 0
noted/internal/api/note.go:84.2,85.60 2 0
noted/internal/api/note.go:85.60,87.3 1 0
noted/internal/api/note.go:89.2,89.25 1 0
noted/internal/api/note.go:92.52,94.16 2 0
noted/internal/api/note.go:94.16,96.3 1 0
noted/internal/api/note.go:98.2,99.54 2 0
noted/internal/api/note.go:99.54,101.3 1 0
noted/internal/api/note.go:103.2,103.19 1 0
noted/internal/api/note.go:106.67,108.16 2 0
noted/internal/api/note.go:108.16,110.3 1 0
noted/internal/api/note.go:112.2,113.16 2 0
noted/internal/api/note.go:113.16,115.3 1 0
noted/internal/api/note.go:117.2,118.54 2 0
noted/internal/api/note.go:118.54,120.3 1 0
noted/internal/api/note.go:122.2,122.19 1 0
noted/internal/api/note.go:125.46,127.16 2 0
noted/internal/api/note.go:127.16,129.3 1 0
noted/internal/api/note.go:131.2,131.36 1 0
noted/internal/api/note.go:134.78,136.16 2 0
noted/internal/api/note.go:136.16,138.3 1 0
noted/internal/api/note.go:140.2,141.16 2 0
noted/internal/api/note.go:141.16,143.3 1 0
noted/internal/api/note.go:145.2,146.54 2 0
noted/internal/api/note.go:146.54,148.3 1 0
noted/internal/api/note.go:150.2,150.19 1 0
noted/internal/api/note.go:153.94,155.16 2 0
noted/internal/api/note.go:155.16,157.3 1 0
noted/internal/api/note.go:159.2,160.16 2 0
noted/internal/api/note.go:160.16,162.3 1 0
noted/internal/api/note.go:164.2,165.54 2 0
noted/internal/api/note.go:165.54,167.3 1 0
noted/internal/api/note.go:169.2,169.19 1 0
noted/internal/api/note.go:172.76,174.21 2 0
noted/internal/api/note.go:174.21,176.3 1 0
noted/internal/api/note.go:177.2,178.20 2 0
noted/internal/api/note.go:178.20,180.3 1 0
noted/internal/api/note.go:182.2,183.16 2 0
noted/internal/api/note.go:183.16,185.3 1 0
noted/internal/api/note.go:187.2,188.58 2 0
noted/internal/api/note.go:188.58,190.3 1 0
noted/internal/api/note.go:192.2,192.22 1 0
noted/internal/api/note.go:195.62,199.16 2 0
noted/internal/api/note.go:199.16,201.3 1 0
noted/internal/api/note.go:203.2,204.16 2 0
noted/internal/api/note.go:204.16,206.3 1 0
noted/internal/api/note.go:208.2,209.55 2 0
noted/internal/api/note.go:209.55,211.3 1 0
noted/internal/api/note.go:213.2,213.19 1 0
noted/internal/api/note.go:216.75,218.21 2 0
noted/internal/api/note.go:218.21,220.3 1 0
noted/internal/api/note.go:222.2,223.20 2 0
noted/internal/api/note.go:223.20,225.3 1 0
noted/internal/api/note.go:227.2,228.16 2 0
noted/internal/api/note.go:228.16,230.3 1 0
noted/internal/api/note.go:232.2,233.62 2 0
noted/internal/api/note.go:233.62,235.3 1 0
noted/internal/api/note.go:237.2,237.26 1 0
noted/internal/api/version.go:39.92,41.16 2 0
noted/internal/api/version.go:41.16,43.3 1 0
noted/internal/api/version.go:45.2,46.16 2 0
noted/internal/api/version.go:46.16,48.3 1 0
noted/internal/api/version.go:50.2,51.57 2 0
noted/internal/api/version.go:51.57,53.3 1 0
noted/internal/api/version.go:55.2,55.22 1 0
noted/internal/api/version.go:58.65,60.16 2 0
noted/internal/api/version.go:60.16,62.3 1 0
noted/internal/api/version.go:64.2,65.58 2 0
noted/internal/api/version.go:65.58,67.3 1 0
noted/internal/api/version.go:69.2,69.22 1 0
noted/internal/api/version.go:72.86,74.21 2 0
noted/internal/api/version.go:74.21,76.3 1 0
noted/internal/api/version.go:78.2,79.16 2 0
noted/internal/api/version.go:79.16,81.3 1 0
noted/internal/api/version.go:83.2,84.58 2 0
noted/internal/api/version.go:84.58,86.3 1 0
noted/internal/api/version.go:88.2,88.22 1 0
noted/internal/token/token.go:13.31,15.16 2 2
noted/internal/token/token.go:15.16,17.3 1 0
noted/internal/token/token.go:19.2,21.16 3 2
noted/internal/token/token.go:21.16,23.3 1 0
noted/internal/token/token.go:25.2,25.73 1 2
noted/internal/token/token.go:28.29,30.16 2 1
noted/internal/token/token.go:30.16,32.3 1 0
noted/internal/token/token.go:34.2,35.16 2 1
noted/internal/token/token.go:35.16,37.3 1 0
noted/internal/token/token.go:39.2,40.57 2 1
noted/internal/token/token.go:40.57,42.3 1 0
noted/internal/token/token.go:44.2,44.29 1 1
noted/internal/token/token.go:47.21,49.16 2 1
noted/internal/token/token.go:49.16,51.3 1 0
noted/internal/token/token.go:53.2,53.58 1 1
noted/internal/token/token.go:56.37,58.16 2 5
noted/internal/token/token.go:58.16,60.3 1 0
noted/internal/token/token.go:62.2,63.53 2 5
noted/internal/token/token.go:63.53,65.3 1 0
noted/internal/token/token.go:67.2,67.23 1 5
noted/internal/config/config.go:20.26,22.16 2 0
noted/internal/config/config.go:22.16,27.3 1 0
noted/internal/config/config.go:28.2,28.15 1 0
noted/internal/config/config.go:31.36,33.16 2 2
noted/internal/config/config.go:33.16,35.3 1 0
noted/internal/config/config.go:37.2,39.24 3 2
noted/internal/config/config.go:39.24,44.3 1 0
noted/internal/config/config.go:45.2,45.16 1 2
noted/internal/config/config.go:45.16,47.3 1 0
noted/internal/config/config.go:49.2,50.54 2 2
noted/internal/config/config.go:50.54,52.3 1 0
noted/internal/config/config.go:54.2,54.21 1 2
noted/internal/config/config.go:57.39,59.16 2 2
noted/internal/config/config.go:59.16,61.3 1 0
noted/internal/config/config.go:63.2,64.16 2 2
noted/internal/config/config.go:64.16,66.3 1 0
noted/internal/config/config.go:68.2,69.55 2 2
noted/internal/config/config.go:69.55,71.3 1 0
noted/internal/config/config.go:73.2,73.12 1 2
noted/internal/config/config.go:76.38,77.21 1 5
noted/internal/config/config.go:77.21,79.3 1 1
noted/internal/config/config.go:80.2,80.32 1 4
noted/internal/config/config.go:80.32,81.17 1 17
noted/internal/config/config.go:81.17,83.4 1 2
noted/internal/config/config.go:85.2,85.14 1 2
noted/internal/auth/browser.go:11.41,16.22 3 0
noted/internal/auth/browser.go:17.17,19.59 2 0
noted/internal/auth/browser.go:20.16,21.39 1 0
noted/internal/auth/browser.go:22.15,23.14 1 0
noted/internal/auth/browser.go:23.14,26.4 2 0
noted/internal/auth/browser.go:26.9,28.4 1 0
noted/internal/auth/browser.go:29.10,30.43 1 0
noted/internal/auth/browser.go:33.2,33.20 1 0
noted/internal/auth/browser.go:36.19,39.2 2 1
noted/internal/auth/login.go:23.26,31.46 6 0
noted/internal/auth/login.go:31.46,33.3 1 0
noted/internal/auth/login.go:35.2,41.9 4 0
noted/internal/auth/login.go:42.28,43.39 1 0
noted/internal/auth/login.go:44.24,45.55 1 0
noted/internal/auth/login.go:46.17,49.17 3 0
noted/internal/auth/login.go:49.17,51.4 1 0
noted/internal/auth/login.go:52.3,52.54 1 0
noted/internal/auth/login.go:52.54,54.4 1 0
noted/internal/auth/login.go:55.3,56.72 2 0
noted/internal/auth/login.go:56.72,58.4 1 0
noted/internal/auth/login.go:59.3,59.48 1 0
noted/internal/auth/login.go:66.84,73.67 3 0
noted/internal/auth/login.go:73.67,75.3 1 0
noted/internal/auth/login.go:77.2,77.12 1 0
noted/internal/auth/login.go:77.12,78.80 1 0
noted/internal/auth/login.go:78.80,80.4 1 0
noted/internal/auth/login.go:83.2,83.15 1 0
noted/internal/auth/login.go:86.106,89.17 3 0
noted/internal/auth/login.go:89.17,93.3 3 0
noted/internal/auth/login.go:96.2,108.64 3 0
noted/internal/auth/login.go:111.52,116.45 4 0
noted/internal/auth/login.go:116.45,118.3 1 0
noted/internal/auth/login.go:120.2,120.45 1 0
noted/internal/auth/login.go:120.45,122.3 1 0
noted/internal/auth/login.go:124.2,124.26 1 0
noted/internal/auth/login.go:124.26,125.43 1 0
noted/internal/auth/login.go:125.43,127.4 1 0
noted/internal/auth/login.go:129.2,131.12 3 0
noted/internal/auth/login.go:134.30,142.16 7 0
noted/internal/auth/login.go:142.16,144.3 1 0
noted/internal/auth/login.go:145.2,149.12 4 0
noted/internal/auth/login.go:149.12,150.21 1 0
noted/internal/auth/login.go:150.21,153.4 2 0
noted/internal/auth/login.go:155.2,155.6 1 0
noted/internal/auth/login.go:155.6,158.17 3 0
noted/internal/auth/login.go:158.17,160.4 1 0
noted/internal/auth/login.go:161.3,165.17 4 0
noted/internal/auth/login.go:165.17,167.4 1 0
noted/internal/auth/login.go:168.3,170.50 2 0
noted/internal/auth/login.go:170.50,172.12 2 0
noted/internal/auth/login.go:175.3,176.17 2 0
noted/internal/auth/login.go:176.17,178.4 1 0
noted/internal/auth/login.go:180.3,181.17 2 0
noted/internal/auth/login.go:181.17,183.4 1 0
noted/internal/auth/login.go:185.3,187.23 3 0
noted/internal/auth/login.go:187.23,189.12 2 0
noted/internal/auth/login.go:192.3,193.17 2 0
noted/internal/auth/login.go:193.17,195.4 1 0
noted/internal/auth/login.go:197.3,198.17 2 0
noted/internal/auth/login.go:198.17,200.4 1 0
noted/internal/auth/login.go:201.3,202.17 2 0
noted/internal/auth/login.go:202.17,204.4 1 0
noted/internal/auth/login.go:206.3,207.17 2 0
noted/internal/auth/login.go:207.17,209.4 1 0
noted/internal/auth/login.go:211.3,212.17 2 0
noted/internal/auth/login.go:212.17,214.4 1 0
noted/internal/auth/login.go:216.3,217.17 2 0
noted/internal/auth/login.go:217.17,219.4 1 0
noted/internal/auth/login.go:221.3,222.17 2 0
noted/internal/auth/login.go:222.17,224.4 1 0
noted/internal/auth/login.go:225.3,232.17 3 0
noted/internal/auth/login.go:232.17,234.4 1 0
noted/internal/auth/login.go:236.3,238.13 2 0
noted/internal/auth/login.go:242.40,247.16 4 0
noted/internal/auth/login.go:247.16,249.3 1 0
noted/internal/auth/login.go:250.2,254.12 4 0
noted/internal/auth/login.go:254.12,255.21 1 0
noted/internal/auth/login.go:255.21,258.4 2 0
noted/internal/auth/login.go:261.2,261.6 1 0
noted/internal/auth/login.go:261.6,264.17 3 0
noted/internal/auth/login.go:264.17,266.4 1 0
noted/internal/auth/login.go:267.3,270.17 3 0
noted/internal/auth/login.go:270.17,272.4 1 0
noted/internal/auth/login.go:274.3,275.17 2 0
noted/internal/auth/login.go:275.17,277.4 1 0
noted/internal/auth/login.go:279.3,280.17 2 0
noted/internal/auth/login.go:280.17,282.4 1 0
noted/internal/auth/login.go:284.3,285.17 2 0
noted/internal/auth/login.go:285.17,287.4 1 0
noted/internal/auth/login.go:289.3,290.17 2 0
noted/internal/auth/login.go:290.17,292.4 1 0
noted/internal/auth/login.go:294.3,295.17 2 0
noted/internal/auth/login.go:295.17,297.4 1 0
noted/internal/auth/login.go:299.3,300.17 2 0
noted/internal/auth/login.go:300.17,302.4 1 0
noted/internal/auth/login.go:304.3,305.17 2 0
noted/internal/auth/login.go:305.17,307.4 1 0
noted/internal/auth/login.go:309.3,310.17 2 0
noted/internal/auth/login.go:310.17,312.4 1 0
noted/internal/auth/login.go:314.3,315.17 2 0
noted/internal/auth/login.go:315.17,317.4 1 0
noted/internal/auth/login.go:318.3,318.17 1 0
noted/internal/auth/login.go:318.17,320.12 2 0
noted/internal/auth/login.go:322.3,323.17 2 0
noted/internal/auth/login.go:323.17,325.4 1 0
noted/internal/auth/login.go:327.3,328.17 2 0
noted/internal/auth/login.go:328.17,330.4 1 0
noted/internal/auth/login.go:332.3,332.27 1 0
noted/internal/auth/logout.go:8.27,9.39 1 1
noted/internal/auth/logout.go:9.39,11.3 1 0
noted/internal/auth/logout.go:13.2,14.12 2 1
noted/internal/auth/session.go:9.40,11.22 2 3
noted/internal/auth/session.go:11.22,13.3 1 1
noted/internal/auth/session.go:15.2,16.16 2 2
noted/internal/auth/session.go:16.16,18.3 1 1
noted/internal/auth/session.go:20.2,20.26 1 1
noted/internal/clipboard/clipboard.go:14.38,18.2 1 5
noted/internal/clipboard/clipboard.go:20.54,23.22 2 3
noted/internal/clipboard/clipboard.go:24.16,25.31 1 0
noted/internal/clipboard/clipboard.go:26.15,27.14 1 3
noted/internal/clipboard/clipboard.go:27.14,29.4 1 1
noted/internal/clipboard/clipboard.go:29.9,31.4 1 2
noted/internal/clipboard/clipboard.go:32.17,33.29 1 0
noted/internal/clipboard/clipboard.go:34.10,35.70 1 0
noted/internal/clipboard/clipboard.go:39.2,40.16 2 3
noted/internal/clipboard/clipboard.go:40.16,42.3 1 0
noted/internal/clipboard/clipboard.go:44.2,44.36 1 3
noted/internal/clipboard/clipboard.go:44.36,46.3 1 2
noted/internal/clipboard/clipboard.go:48.2,48.53 1 1
noted/internal/clipboard/clipboard.go:48.53,50.3 1 0
noted/internal/clipboard/clipboard.go:52.2,52.38 1 1
noted/internal/clipboard/clipboard.go:52.38,54.3 1 0
noted/internal/clipboard/clipboard.go:56.2,56.35 1 1
noted/internal/clipboard/clipboard.go:56.35,58.3 1 0
noted/internal/clipboard/clipboard.go:60.2,60.12 1 1
noted/cmd/version/diff.go:23.54,28.17 4 4
noted/cmd/version/diff.go:28.17,30.4 1 4
noted/cmd/version/diff.go:32.3,34.20 2 0
noted/cmd/version/diff.go:34.20,36.18 2 0
noted/cmd/version/diff.go:36.18,38.5 1 0
noted/cmd/version/diff.go:39.9,41.18 2 0
noted/cmd/version/diff.go:41.18,43.5 1 0
noted/cmd/version/diff.go:44.4,44.19 1 0
noted/cmd/version/diff.go:44.19,46.5 1 0
noted/cmd/version/diff.go:48.4,49.18 2 0
noted/cmd/version/diff.go:49.18,51.5 1 0
noted/cmd/version/diff.go:54.3,55.17 2 0
noted/cmd/version/diff.go:55.17,57.4 1 0
noted/cmd/version/diff.go:59.3,60.17 2 0
noted/cmd/version/diff.go:60.17,62.4 1 0
noted/cmd/version/diff.go:63.3,63.25 1 0
noted/cmd/version/diff.go:63.25,65.4 1 0
noted/cmd/version/diff.go:67.3,67.24 1 0
noted/cmd/version/diff.go:67.24,69.4 1 0
noted/cmd/version/diff.go:71.3,72.17 2 0
noted/cmd/version/diff.go:72.17,74.4 1 0
noted/cmd/version/diff.go:76.3,77.30 2 0
noted/cmd/version/diff.go:77.30,78.57 1 0
noted/cmd/version/diff.go:78.57,80.10 2 0
noted/cmd/version/diff.go:84.3,84.25 1 0
noted/cmd/version/diff.go:84.25,86.4 1 0
noted/cmd/version/diff.go:88.3,91.41 3 0
noted/cmd/version/diff.go:91.41,98.18 2 0
noted/cmd/version/diff.go:98.18,100.5 1 0
noted/cmd/version/diff.go:101.4,101.38 1 0
noted/cmd/version/diff.go:102.9,104.18 2 0
noted/cmd/version/diff.go:104.18,106.5 1 0
noted/cmd/version/diff.go:107.4,108.18 2 0
noted/cmd/version/diff.go:108.18,110.5 1 0
noted/cmd/version/diff.go:113.3,113.37 1 0
noted/cmd/version/diff.go:113.37,120.18 2 0
noted/cmd/version/diff.go:120.18,122.5 1 0
noted/cmd/version/diff.go:123.4,123.34 1 0
noted/cmd/version/diff.go:124.9,126.18 2 0
noted/cmd/version/diff.go:126.18,128.5 1 0
noted/cmd/version/diff.go:129.4,130.18 2 0
noted/cmd/version/diff.go:130.18,132.5 1 0
noted/cmd/version/diff.go:135.3,145.13 5 0
noted/cmd/version/diff.go:149.48,164.16 6 4
noted/cmd/version/diff.go:164.16,167.3 2 0
noted/cmd/version/diff.go:169.2,182.57 11 4
noted/cmd/version/diff.go:182.57,183.17 1 15
noted/cmd/version/diff.go:183.17,184.12 1 4
noted/cmd/version/diff.go:187.3,187.10 1 11
noted/cmd/version/diff.go:188.73,189.34 1 4
noted/cmd/version/diff.go:191.38,194.18 3 2
noted/cmd/version/diff.go:194.18,197.5 2 1
noted/cmd/version/diff.go:198.4,198.32 1 2
noted/cmd/version/diff.go:200.37,208.5 2 2
noted/cmd/version/diff.go:210.37,218.5 2 2
noted/cmd/version/diff.go:220.11,229.5 3 1
noted/cmd/version/diff.go:234.13,236.2 1 1
noted/cmd/version/list.go:15.54,19.20 3 3
noted/cmd/version/list.go:19.20,21.18 2 1
noted/cmd/version/list.go:21.18,23.5 1 1
noted/cmd/version/list.go:24.9,26.18 2 2
noted/cmd/version/list.go:26.18,28.5 1 0
noted/cmd/version/list.go:29.4,29.19 1 2
noted/cmd/version/list.go:29.19,31.5 1 1
noted/cmd/version/list.go:33.4,34.18 2 1
noted/cmd/version/list.go:34.18,36.5 1 1
noted/cmd/version/list.go:39.3,40.17 2 0
noted/cmd/version/list.go:40.17,42.4 1 0
noted/cmd/version/list.go:44.3,45.17 2 0
noted/cmd/version/list.go:45.17,47.4 1 0
noted/cmd/version/list.go:49.3,49.25 1 0
noted/cmd/version/list.go:49.25,51.4 1 0
noted/cmd/version/list.go:53.3,54.30 2 0
noted/cmd/version/list.go:54.30,56.26 2 0
noted/cmd/version/list.go:56.26,58.5 1 0
noted/cmd/version/list.go:59.4,59.43 1 0
noted/cmd/version/list.go:59.43,61.5 1 0
noted/cmd/version/list.go:62.4,63.20 2 0
noted/cmd/version/list.go:63.20,65.5 1 0
noted/cmd/version/list.go:66.4,66.28 1 0
noted/cmd/version/list.go:66.28,68.5 1 0
noted/cmd/version/list.go:71.3,71.20 1 0
noted/cmd/version/list.go:71.20,73.4 1 0
noted/cmd/version/list.go:75.3,79.30 4 0
noted/cmd/version/list.go:79.30,81.18 2 0
noted/cmd/version/list.go:81.18,83.5 1 0
noted/cmd/version/list.go:85.4,90.5 1 0
noted/cmd/version/list.go:93.3,93.13 1 0
noted/cmd/version/list.go:97.13,99.2 1 1
noted/cmd/version/restore.go:19.54,24.17 4 5
noted/cmd/version/restore.go:24.17,26.4 1 0
noted/cmd/version/restore.go:28.3,30.20 2 5
noted/cmd/version/restore.go:30.20,32.18 2 3
noted/cmd/version/restore.go:32.18,34.5 1 1
noted/cmd/version/restore.go:35.9,37.18 2 2
noted/cmd/version/restore.go:37.18,39.5 1 0
noted/cmd/version/restore.go:40.4,40.19 1 2
noted/cmd/version/restore.go:40.19,42.5 1 1
noted/cmd/version/restore.go:44.4,45.18 2 1
noted/cmd/version/restore.go:45.18,47.5 1 0
noted/cmd/version/restore.go:50.3,51.17 2 3
noted/cmd/version/restore.go:51.17,53.4 1 0
noted/cmd/version/restore.go:55.3,56.17 2 3
noted/cmd/version/restore.go:56.17,58.4 1 3
noted/cmd/version/restore.go:60.3,60.25 1 0
noted/cmd/version/restore.go:60.25,62.4 1 0
noted/cmd/version/restore.go:64.3,66.20 2 0
noted/cmd/version/restore.go:66.20,68.18 2 0
noted/cmd/version/restore.go:68.18,70.5 1 0
noted/cmd/version/restore.go:72.4,72.31 1 0
noted/cmd/version/restore.go:72.31,73.47 1 0
noted/cmd/version/restore.go:73.47,75.11 2 0
noted/cmd/version/restore.go:78.4,78.30 1 0
noted/cmd/version/restore.go:78.30,80.5 1 0
noted/cmd/version/restore.go:81.9,83.18 2 0
noted/cmd/version/restore.go:83.18,85.5 1 0
noted/cmd/version/restore.go:88.3,89.17 2 0
noted/cmd/version/restore.go:89.17,91.4 1 0
noted/cmd/version/restore.go:93.3,94.41 2 0
noted/cmd/version/restore.go:94.41,101.18 2 0
noted/cmd/version/restore.go:101.18,103.5 1 0
noted/cmd/version/restore.go:104.4,104.30 1 0
noted/cmd/version/restore.go:105.9,107.18 2 0
noted/cmd/version/restore.go:107.18,109.5 1 0
noted/cmd/version/restore.go:110.4,111.18 2 0
noted/cmd/version/restore.go:111.18,113.5 1 0
noted/cmd/version/restore.go:116.3,117.17 2 0
noted/cmd/version/restore.go:117.17,119.4 1 0
noted/cmd/version/restore.go:121.3,121.166 1 0
noted/cmd/version/restore.go:121.166,124.4 2 0
noted/cmd/version/restore.go:126.3,127.17 2 0
noted/cmd/version/restore.go:127.17,129.4 1 0
noted/cmd/version/restore.go:131.3,132.17 2 0
noted/cmd/version/restore.go:132.17,134.4 1 0
noted/cmd/version/restore.go:135.3,150.17 3 0
noted/cmd/version/restore.go:150.17,152.4 1 0
noted/cmd/version/restore.go:154.3,155.17 2 0
noted/cmd/version/restore.go:155.17,157.4 1 0
noted/cmd/version/restore.go:159.3,159.72 1 0
noted/cmd/version/restore.go:159.72,161.4 1 0
noted/cmd/version/restore.go:163.3,175.17 2 0
noted/cmd/version/restore.go:175.17,177.4 1 0
noted/cmd/version/restore.go:179.3,180.13 2 0
noted/cmd/version/restore.go:184.13,186.2 1 1
noted/cmd/version/show.go:21.54,26.17 4 3
noted/cmd/version/show.go:26.17,28.4 1 3
noted/cmd/version/show.go:30.3,32.20 2 0
noted/cmd/version/show.go:32.20,34.18 2 0
noted/cmd/version/show.go:34.18,36.5 1 0
noted/cmd/version/show.go:37.9,39.18 2 0
noted/cmd/version/show.go:39.18,41.5 1 0
noted/cmd/version/show.go:42.4,42.19 1 0
noted/cmd/version/show.go:42.19,44.5 1 0
noted/cmd/version/show.go:46.4,47.18 2 0
noted/cmd/version/show.go:47.18,49.5 1 0
noted/cmd/version/show.go:52.3,53.17 2 0
noted/cmd/version/show.go:53.17,55.4 1 0
noted/cmd/version/show.go:57.3,58.17 2 0
noted/cmd/version/show.go:58.17,60.4 1 0
noted/cmd/version/show.go:62.3,62.25 1 0
noted/cmd/version/show.go:62.25,64.4 1 0
noted/cmd/version/show.go:66.3,68.20 2 0
noted/cmd/version/show.go:68.20,70.18 2 0
noted/cmd/version/show.go:70.18,72.5 1 0
noted/cmd/version/show.go:74.4,74.31 1 0
noted/cmd/version/show.go:74.31,75.47 1 0
noted/cmd/version/show.go:75.47,77.11 2 0
noted/cmd/version/show.go:80.4,80.30 1 0
noted/cmd/version/show.go:80.30,82.5 1 0
noted/cmd/version/show.go:83.9,85.18 2 0
noted/cmd/version/show.go:85.18,87.5 1 0
noted/cmd/version/show.go:90.3,91.41 2 0
noted/cmd/version/show.go:91.41,98.18 2 0
noted/cmd/version/show.go:98.18,100.5 1 0
noted/cmd/version/show.go:101.4,101.30 1 0
noted/cmd/version/show.go:102.9,104.18 2 0
noted/cmd/version/show.go:104.18,106.5 1 0
noted/cmd/version/show.go:107.4,108.18 2 0
noted/cmd/version/show.go:108.18,110.5 1 0
noted/cmd/version/show.go:113.3,114.38 1 0
noted/cmd/version/show.go:114.38,116.28 2 0
noted/cmd/version/show.go:116.28,118.6 1 0
noted/cmd/version/show.go:119.5,119.44 1 0
noted/cmd/version/show.go:123.3,123.17 1 0
noted/cmd/version/show.go:123.17,125.4 1 0
noted/cmd/version/show.go:127.3,128.17 2 0
noted/cmd/version/show.go:128.17,130.4 1 0
noted/cmd/version/show.go:132.3,139.13 3 0
noted/cmd/version/show.go:143.13,145.2 1 1
noted/cmd/version/version.go:14.13,19.2 4 1
noted/cmd/auth.go:20.54,22.3 1 0
noted/cmd/auth.go:29.54,31.3 1 0
noted/cmd/auth.go:38.54,40.17 2 0
noted/cmd/auth.go:40.17,42.4 1 0
noted/cmd/auth.go:44.3,45.17 2 0
noted/cmd/auth.go:45.17,47.4 1 0
noted/cmd/auth.go:49.3,56.13 7 0
noted/cmd/auth.go:60.13,65.2 4 1
noted/cmd/config.go:17.54,20.21 2 0
noted/cmd/config.go:20.21,24.45 4 0
noted/cmd/config.go:24.45,26.5 1 0
noted/cmd/config.go:27.4,27.14 1 0
noted/cmd/config.go:30.3,31.37 2 0
noted/cmd/config.go:31.37,37.4 1 0
noted/cmd/config.go:39.3,40.48 2 0
noted/cmd/config.go:40.48,42.4 1 0
noted/cmd/config.go:44.3,45.13 2 0
noted/cmd/config.go:49.13,51.2 1 1
noted/cmd/create.go:16.54,18.17 2 5
noted/cmd/create.go:18.17,20.4 1 5
noted/cmd/create.go:22.3,25.17 3 0
noted/cmd/create.go:25.17,27.4 1 0
noted/cmd/create.go:28.3,28.18 1 0
noted/cmd/create.go:28.18,30.4 1 0
noted/cmd/create.go:32.3,33.17 2 0
noted/cmd/create.go:33.17,35.4 1 0
noted/cmd/create.go:37.3,38.17 2 0
noted/cmd/create.go:38.17,40.4 1 0
noted/cmd/create.go:42.3,43.17 2 0
noted/cmd/create.go:43.17,45.4 1 0
noted/cmd/create.go:47.3,49.17 3 0
noted/cmd/create.go:49.17,51.4 1 0
noted/cmd/create.go:53.3,61.17 2 0
noted/cmd/create.go:61.17,63.4 1 0
noted/cmd/create.go:65.3,77.17 2 0
noted/cmd/create.go:77.17,79.4 1 0
noted/cmd/create.go:81.3,82.17 2 0
noted/cmd/create.go:82.17,84.4 1 0
noted/cmd/create.go:86.3,89.25 4 0
noted/cmd/create.go:89.25,91.4 1 0
noted/cmd/create.go:93.3,93.13 1 0
noted/cmd/create.go:98.52,99.20 1 6
noted/cmd/create.go:99.20,101.3 1 1
noted/cmd/create.go:103.2,106.27 3 5
noted/cmd/create.go:106.27,109.23 2 9
noted/cmd/create.go:109.23,111.4 1 1
noted/cmd/create.go:113.3,113.27 1 8
noted/cmd/create.go:113.27,115.4 1 1
noted/cmd/create.go:117.3,117.38 1 7
noted/cmd/create.go:117.38,119.4 1 1
noted/cmd/create.go:120.3,122.44 2 6
noted/cmd/create.go:125.2,125.23 1 2
noted/cmd/create.go:128.13,132.2 3 1
noted/cmd/delete.go:15.54,19.20 3 6
noted/cmd/delete.go:19.20,21.18 2 2
noted/cmd/delete.go:21.18,23.5 1 1
noted/cmd/delete.go:24.9,26.18 2 4
noted/cmd/delete.go:26.18,28.5 1 0
noted/cmd/delete.go:29.4,29.19 1 4
noted/cmd/delete.go:29.19,31.5 1 2
noted/cmd/delete.go:33.4,34.18 2 2
noted/cmd/delete.go:34.18,36.5 1 1
noted/cmd/delete.go:39.3,45.17 4 2
noted/cmd/delete.go:45.17,47.4 1 2
noted/cmd/delete.go:48.3,48.41 1 0
noted/cmd/delete.go:48.41,50.4 1 0
noted/cmd/delete.go:52.3,53.17 2 0
noted/cmd/delete.go:53.17,55.4 1 0
noted/cmd/delete.go:57.3,57.61 1 0
noted/cmd/delete.go:57.61,59.4 1 0
noted/cmd/delete.go:61.3,61.60 1 0
noted/cmd/delete.go:61.60,63.4 1 0
noted/cmd/delete.go:65.3,66.13 2 0
noted/cmd/delete.go:70.13,73.2 2 1
noted/cmd/edit-data.go:21.54,27.17 5 5
noted/cmd/edit-data.go:27.17,29.4 1 5
noted/cmd/edit-data.go:31.3,33.20 2 0
noted/cmd/edit-data.go:33.20,35.18 2 0
noted/cmd/edit-data.go:35.18,37.5 1 0
noted/cmd/edit-data.go:38.9,40.18 2 0
noted/cmd/edit-data.go:40.18,42.5 1 0
noted/cmd/edit-data.go:43.4,43.19 1 0
noted/cmd/edit-data.go:43.19,45.5 1 0
noted/cmd/edit-data.go:47.4,48.18 2 0
noted/cmd/edit-data.go:48.18,50.5 1 0
noted/cmd/edit-data.go:53.3,54.17 2 0
noted/cmd/edit-data.go:54.17,56.4 1 0
noted/cmd/edit-data.go:57.3,57.21 1 0
noted/cmd/edit-data.go:57.21,59.4 1 0
noted/cmd/edit-data.go:61.3,62.17 2 0
noted/cmd/edit-data.go:62.17,64.4 1 0
noted/cmd/edit-data.go:66.3,67.17 2 0
noted/cmd/edit-data.go:67.17,69.4 1 0
noted/cmd/edit-data.go:71.3,72.23 2 0
noted/cmd/edit-data.go:72.23,74.18 2 0
noted/cmd/edit-data.go:74.18,76.5 1 0
noted/cmd/edit-data.go:78.4,78.15 1 0
noted/cmd/edit-data.go:78.15,80.5 1 0
noted/cmd/edit-data.go:80.10,82.41 2 0
noted/cmd/edit-data.go:82.41,84.6 1 0
noted/cmd/edit-data.go:85.5,85.35 1 0
noted/cmd/edit-data.go:85.35,87.6 1 0
noted/cmd/edit-data.go:89.5,90.29 2 0
noted/cmd/edit-data.go:90.29,92.6 1 0
noted/cmd/edit-data.go:94.9,96.4 1 0
noted/cmd/edit-data.go:98.3,99.17 2 0
noted/cmd/edit-data.go:99.17,101.4 1 0
noted/cmd/edit-data.go:103.3,107.17 2 0
noted/cmd/edit-data.go:107.17,109.4 1 0
noted/cmd/edit-data.go:111.3,112.17 2 0
noted/cmd/edit-data.go:112.17,114.4 1 0
noted/cmd/edit-data.go:116.3,116.92 1 0
noted/cmd/edit-data.go:116.92,118.18 2 0
noted/cmd/edit-data.go:118.18,120.5 1 0
noted/cmd/edit-data.go:122.4,122.26 1 0
noted/cmd/edit-data.go:122.26,124.5 1 0
noted/cmd/edit-data.go:126.4,132.18 6 0
noted/cmd/edit-data.go:132.18,134.5 1 0
noted/cmd/edit-data.go:136.4,137.18 2 0
noted/cmd/edit-data.go:137.18,139.5 1 0
noted/cmd/edit-data.go:141.4,141.43 1 0
noted/cmd/edit-data.go:141.43,144.19 3 0
noted/cmd/edit-data.go:144.19,146.6 1 0
noted/cmd/edit-data.go:147.5,152.6 1 0
noted/cmd/edit-data.go:153.10,156.41 3 0
noted/cmd/edit-data.go:156.41,163.20 2 0
noted/cmd/edit-data.go:163.20,165.7 1 0
noted/cmd/edit-data.go:166.6,166.36 1 0
noted/cmd/edit-data.go:167.11,169.20 2 0
noted/cmd/edit-data.go:169.20,171.7 1 0
noted/cmd/edit-data.go:172.6,173.20 2 0
noted/cmd/edit-data.go:173.20,175.7 1 0
noted/cmd/edit-data.go:178.5,182.19 2 0
noted/cmd/edit-data.go:182.19,184.6 1 0
noted/cmd/edit-data.go:185.5,185.35 1 0
noted/cmd/edit-data.go:188.4,201.18 2 0
noted/cmd/edit-data.go:201.18,203.5 1 0
noted/cmd/edit-data.go:206.3,209.25 4 0
noted/cmd/edit-data.go:209.25,211.4 1 0
noted/cmd/edit-data.go:212.3,212.13 1 0
noted/cmd/edit-data.go:216.13,222.2 5 1
noted/cmd/edit.go:17.54,21.20 3 4
noted/cmd/edit.go:21.20,23.18 2 1
noted/cmd/edit.go:23.18,25.5 1 1
noted/cmd/edit.go:26.9,28.18 2 3
noted/cmd/edit.go:28.18,30.5 1 0
noted/cmd/edit.go:31.4,31.19 1 3
noted/cmd/edit.go:31.19,33.5 1 2
noted/cmd/edit.go:34.4,35.18 2 1
noted/cmd/edit.go:35.18,37.5 1 1
noted/cmd/edit.go:40.3,41.17 2 0
noted/cmd/edit.go:41.17,43.4 1 0
noted/cmd/edit.go:45.3,46.54 2 0
noted/cmd/edit.go:46.54,48.4 1 0
noted/cmd/edit.go:50.3,50.13 1 0
noted/cmd/edit.go:54.13,57.2 2 1
noted/cmd/encryption.go:15.54,17.17 2 1
noted/cmd/encryption.go:17.17,19.4 1 0
noted/cmd/encryption.go:21.3,22.17 2 1
noted/cmd/encryption.go:22.17,24.4 1 1
noted/cmd/encryption.go:26.3,26.20 1 0
noted/cmd/encryption.go:26.20,28.4 1 0
noted/cmd/encryption.go:30.3,30.48 1 0
noted/cmd/encryption.go:30.48,32.4 1 0
noted/cmd/encryption.go:34.3,34.13 1 0
noted/cmd/encryption.go:38.13,40.2 1 1
noted/cmd/image.go:22.54,24.17 2 0
noted/cmd/image.go:24.17,26.4 1 0
noted/cmd/image.go:28.3,29.17 2 0
noted/cmd/image.go:29.17,31.4 1 0
noted/cmd/image.go:32.3,33.17 2 0
noted/cmd/image.go:33.17,35.4 1 0
noted/cmd/image.go:37.3,38.15 2 0
noted/cmd/image.go:38.15,40.71 2 0
noted/cmd/image.go:40.71,42.5 1 0
noted/cmd/image.go:43.4,43.43 1 0
noted/cmd/image.go:46.3,46.13 1 0
noted/cmd/image.go:50.13,54.2 3 1
noted/cmd/list.go:16.54,18.17 2 3
noted/cmd/list.go:18.17,20.4 1 0
noted/cmd/list.go:22.3,22.28 1 3
noted/cmd/list.go:22.28,25.4 2 1
noted/cmd/list.go:27.3,28.36 2 2
noted/cmd/list.go:28.36,29.31 1 5
noted/cmd/list.go:29.31,31.5 1 2
noted/cmd/list.go:32.4,32.37 1 5
noted/cmd/list.go:32.37,34.5 1 3
noted/cmd/list.go:37.3,37.23 1 2
noted/cmd/list.go:37.23,39.4 1 1
noted/cmd/list.go:41.3,46.47 4 2
noted/cmd/list.go:46.47,48.4 1 3
noted/cmd/list.go:50.3,50.36 1 2
noted/cmd/list.go:50.36,52.32 2 5
noted/cmd/list.go:52.32,54.5 1 1
noted/cmd/list.go:56.4,60.5 1 5
noted/cmd/list.go:62.3,63.13 2 2
noted/cmd/list.go:67.13,69.2 1 1
noted/cmd/preview.go:16.54,20.20 3 6
noted/cmd/preview.go:20.20,22.18 2 2
noted/cmd/preview.go:22.18,24.5 1 1
noted/cmd/preview.go:25.9,27.18 2 4
noted/cmd/preview.go:27.18,29.5 1 0
noted/cmd/preview.go:30.4,30.19 1 4
noted/cmd/preview.go:30.19,32.5 1 2
noted/cmd/preview.go:34.4,35.18 2 2
noted/cmd/preview.go:35.18,37.5 1 1
noted/cmd/preview.go:40.3,41.17 2 2
noted/cmd/preview.go:41.17,43.4 1 0
noted/cmd/preview.go:45.3,46.38 1 2
noted/cmd/preview.go:46.38,48.28 2 2
noted/cmd/preview.go:48.28,50.6 1 2
noted/cmd/preview.go:51.5,51.44 1 0
noted/cmd/preview.go:55.3,55.17 1 2
noted/cmd/preview.go:55.17,57.4 1 0
noted/cmd/preview.go:59.3,60.17 2 2
noted/cmd/preview.go:60.17,62.4 1 0
noted/cmd/preview.go:64.3,65.13 2 2
noted/cmd/preview.go:69.13,72.2 2 1
noted/cmd/push.go:20.54,25.17 4 2
noted/cmd/push.go:25.17,27.4 1 2
noted/cmd/push.go:29.3,31.20 2 0
noted/cmd/push.go:31.20,33.18 2 0
noted/cmd/push.go:33.18,35.5 1 0
noted/cmd/push.go:36.9,38.18 2 0
noted/cmd/push.go:38.18,40.5 1 0
noted/cmd/push.go:41.4,41.19 1 0
noted/cmd/push.go:41.19,43.5 1 0
noted/cmd/push.go:45.4,46.18 2 0
noted/cmd/push.go:46.18,48.5 1 0
noted/cmd/push.go:51.3,52.17 2 0
noted/cmd/push.go:52.17,54.4 1 0
noted/cmd/push.go:56.3,57.17 2 0
noted/cmd/push.go:57.17,59.4 1 0
noted/cmd/push.go:61.3,62.17 2 0
noted/cmd/push.go:62.17,64.4 1 0
noted/cmd/push.go:66.3,67.17 2 0
noted/cmd/push.go:67.17,69.4 1 0
noted/cmd/push.go:71.3,72.17 2 0
noted/cmd/push.go:72.17,74.4 1 0
noted/cmd/push.go:76.3,84.17 2 0
noted/cmd/push.go:84.17,85.70 1 0
noted/cmd/push.go:85.70,86.61 1 0
noted/cmd/push.go:86.61,88.6 1 0
noted/cmd/push.go:90.4,90.65 1 0
noted/cmd/push.go:93.3,93.50 1 0
noted/cmd/push.go:93.50,95.4 1 0
noted/cmd/push.go:97.3,98.17 2 0
noted/cmd/push.go:98.17,100.4 1 0
noted/cmd/push.go:101.3,101.25 1 0
noted/cmd/push.go:101.25,103.4 1 0
noted/cmd/push.go:105.3,108.39 3 0
noted/cmd/push.go:108.39,115.18 2 0
noted/cmd/push.go:115.18,117.5 1 0
noted/cmd/push.go:118.4,118.34 1 0
noted/cmd/push.go:119.9,121.18 2 0
noted/cmd/push.go:121.18,123.5 1 0
noted/cmd/push.go:124.4,125.18 2 0
noted/cmd/push.go:125.18,127.5 1 0
noted/cmd/push.go:130.3,130.29 1 0
noted/cmd/push.go:130.29,133.4 2 0
noted/cmd/push.go:135.3,139.42 4 0
noted/cmd/push.go:139.42,142.18 3 0
noted/cmd/push.go:142.18,144.5 1 0
noted/cmd/push.go:145.4,150.5 1 0
noted/cmd/push.go:151.9,156.18 2 0
noted/cmd/push.go:156.18,158.5 1 0
noted/cmd/push.go:159.4,159.34 1 0
noted/cmd/push.go:162.3,175.17 2 0
noted/cmd/push.go:175.17,177.4 1 0
noted/cmd/push.go:179.3,181.25 3 0
noted/cmd/push.go:181.25,183.4 1 0
noted/cmd/push.go:184.3,184.13 1 0
noted/cmd/push.go:188.60,191.2 2 0
noted/cmd/push.go:193.13,196.2 2 1
noted/cmd/root.go:23.16,25.16 2 0
noted/cmd/root.go:25.16,27.3 1 0
noted/cmd/root.go:30.13,42.2 2 1
noted/cmd/search.go:15.54,19.31 3 1
noted/cmd/search.go:19.31,21.4 1 1
noted/cmd/search.go:23.3,24.17 2 0
noted/cmd/search.go:24.17,26.4 1 0
noted/cmd/search.go:28.3,29.17 2 0
noted/cmd/search.go:29.17,31.4 1 0
noted/cmd/search.go:33.3,33.33 1 0
noted/cmd/search.go:33.33,36.4 2 0
noted/cmd/search.go:38.3,39.41 2 0
noted/cmd/search.go:39.41,40.37 1 0
noted/cmd/search.go:40.37,42.5 1 0
noted/cmd/search.go:43.4,44.20 2 0
noted/cmd/search.go:44.20,46.5 1 0
noted/cmd/search.go:47.4,47.28 1 0
noted/cmd/search.go:47.28,49.5 1 0
noted/cmd/search.go:52.3,52.23 1 0
noted/cmd/search.go:52.23,54.4 1 0
noted/cmd/search.go:56.3,60.41 4 0
noted/cmd/search.go:60.41,63.18 3 0
noted/cmd/search.go:63.18,65.5 1 0
noted/cmd/search.go:67.4,72.5 1 0
noted/cmd/search.go:74.3,74.27 1 0
noted/cmd/search.go:74.27,76.4 1 0
noted/cmd/search.go:76.9,78.4 1 0
noted/cmd/search.go:80.3,80.13 1 0
noted/cmd/search.go:84.13,88.2 3 1
noted/cmd/sync.go:16.54,18.17 2 0
noted/cmd/sync.go:18.17,20.4 1 0
noted/cmd/sync.go:22.3,27.17 4 0
noted/cmd/sync.go:27.17,29.4 1 0
noted/cmd/sync.go:31.3,31.28 1 0
noted/cmd/sync.go:31.28,34.4 2 0
noted/cmd/sync.go:36.3,36.14 1 0
noted/cmd/sync.go:36.14,37.26 1 0
noted/cmd/sync.go:37.26,39.5 1 0
noted/cmd/sync.go:40.4,40.30 1 0
noted/cmd/sync.go:40.30,42.5 1 0
noted/cmd/sync.go:43.4,43.30 1 0
noted/cmd/sync.go:43.30,45.5 1 0
noted/cmd/sync.go:46.4,46.60 1 0
noted/cmd/sync.go:47.9,49.4 1 0
noted/cmd/sync.go:51.3,51.13 1 0
noted/cmd/sync.go:55.13,59.2 3 1
noted/cmd/tags.go:15.54,19.20 3 3
noted/cmd/tags.go:19.20,21.18 2 1
noted/cmd/tags.go:21.18,23.5 1 1
noted/cmd/tags.go:24.9,26.18 2 2
noted/cmd/tags.go:26.18,28.5 1 0
noted/cmd/tags.go:29.4,29.19 1 2
noted/cmd/tags.go:29.19,31.5 1 1
noted/cmd/tags.go:33.4,34.18 2 1
noted/cmd/tags.go:34.18,36.5 1 1
noted/cmd/tags.go:39.3,41.31 3 0
noted/cmd/tags.go:41.31,43.4 1 0
noted/cmd/tags.go:43.9,45.4 1 0
noted/cmd/tags.go:47.3,47.13 1 0
noted/cmd/tags.go:51.13,54.2 2 1
noted/cmd/unlock.go:14.54,16.17 2 0
noted/cmd/unlock.go:16.17,18.4 1 0
noted/cmd/unlock.go:20.3,22.13 3 0
noted/cmd/unlock.go:26.13,28.2 1 1
noted/internal/encryption/encryption.go:39.48,41.2 1 5
noted/internal/encryption/encryption.go:43.64,47.2 3 4
noted/internal/encryption/encryption.go:49.104,58.2 3 2
noted/internal/encryption/encryption.go:60.108,73.2 6 2
noted/internal/encryption/encryption.go:75.91,77.16 2 1
noted/internal/encryption/encryption.go:77.16,79.3 1 0
noted/internal/encryption/encryption.go:81.2,82.16 2 1
noted/internal/encryption/encryption.go:82.16,84.3 1 0
noted/internal/encryption/encryption.go:86.2,86.54 1 1
noted/internal/encryption/encryption.go:86.54,88.3 1 1
noted/internal/encryption/encryption.go:89.2,89.19 1 0
noted/internal/encryption/encryption.go:92.79,94.20 2 2
noted/internal/encryption/encryption.go:94.20,96.3 1 0
noted/internal/encryption/encryption.go:98.2,100.16 3 2
noted/internal/encryption/encryption.go:100.16,102.3 1 0
noted/internal/encryption/encryption.go:103.2,103.31 1 2
noted/internal/encryption/encryption.go:103.31,105.3 1 0
noted/internal/encryption/encryption.go:107.2,109.16 3 2
noted/internal/encryption/encryption.go:109.16,111.3 1 0
noted/internal/encryption/encryption.go:113.2,114.16 2 2
noted/internal/encryption/encryption.go:114.16,116.3 1 0
noted/internal/encryption/encryption.go:118.2,119.16 2 2
noted/internal/encryption/encryption.go:119.16,121.3 1 0
noted/internal/encryption/encryption.go:122.2,124.27 2 2
noted/internal/encryption/encryption.go:127.86,131.60 4 1
noted/internal/encryption/encryption.go:131.60,133.3 1 0
noted/internal/encryption/encryption.go:134.2,134.21 1 1
noted/internal/encryption/encryption.go:137.67,140.16 3 3
noted/internal/encryption/encryption.go:140.16,142.3 1 0
noted/internal/encryption/encryption.go:143.2,143.17 1 3
noted/internal/encryption/encryption.go:146.90,148.16 2 5
noted/internal/encryption/encryption.go:148.16,150.3 1 0
noted/internal/encryption/encryption.go:151.2,152.16 2 5
noted/internal/encryption/encryption.go:152.16,154.3 1 0
noted/internal/encryption/encryption.go:155.2,156.56 2 5
noted/internal/encryption/encryption.go:156.56,158.3 1 0
noted/internal/encryption/encryption.go:159.2,160.98 2 5
noted/internal/encryption/encryption.go:163.100,165.16 2 4
noted/internal/encryption/encryption.go:165.16,167.3 1 0
noted/internal/encryption/encryption.go:168.2,169.16 2 4
noted/internal/encryption/encryption.go:169.16,171.3 1 0
noted/internal/encryption/encryption.go:172.2,173.16 2 4
noted/internal/encryption/encryption.go:173.16,175.3 1 0
noted/internal/encryption/encryption.go:176.2,177.16 2 4
noted/internal/encryption/encryption.go:177.16,179.3 1 0
noted/internal/encryption/encryption.go:180.2,181.16 2 4
noted/internal/encryption/encryption.go:181.16,183.3 1 0
noted/internal/encryption/encryption.go:184.2,184.23 1 4
noted/internal/encryption/encryption.go:187.108,189.2 1 1
noted/internal/encryption/encryption.go:191.117,193.2 1 1
noted/internal/encryption/encryption.go:195.110,197.2 1 2
noted/internal/encryption/encryption.go:199.121,201.16 2 1
noted/internal/encryption/encryption.go:201.16,203.3 1 0
noted/internal/encryption/encryption.go:204.2,204.31 1 1
noted/internal/encryption/encryption.go:207.107,209.2 1 2
noted/internal/encryption/encryption.go:211.117,213.2 1 2
noted/internal/encryption/encryption.go:215.134,217.16 2 1
noted/internal/encryption/encryption.go:217.16,219.3 1 0
noted/internal/encryption/encryption.go:221.2,222.16 2 1
noted/internal/encryption/encryption.go:222.16,224.3 1 0
noted/internal/encryption/encryption.go:226.2,231.8 1 1
noted/internal/encryption/encryption.go:234.123,236.16 2 1
noted/internal/encryption/encryption.go:236.16,238.3 1 0
noted/internal/encryption/encryption.go:240.2,241.16 2 1
noted/internal/encryption/encryption.go:241.16,243.3 1 0
noted/internal/encryption/encryption.go:245.2,245.21 1 1
noted/internal/encryption/encryption.go:248.148,255.16 6 1
noted/internal/encryption/encryption.go:255.16,257.3 1 0
noted/internal/encryption/encryption.go:259.2,259.30 1 1
noted/internal/encryption/encryption.go:262.105,264.67 2 1
noted/internal/encryption/encryption.go:264.67,266.3 1 0
noted/internal/encryption/encryption.go:268.2,269.16 2 1
noted/internal/encryption/encryption.go:269.16,271.3 1 0
noted/internal/encryption/encryption.go:273.2,274.16 2 1
noted/internal/encryption/encryption.go:274.16,276.3 1 0
noted/internal/encryption/encryption.go:278.2,283.8 1 1
